Started GET "/" for ::1 at 2023-07-27 15:09:05 +0900
  
ActiveRecord::ConnectionNotEstablished (Can't connect to local MySQL server through socket '/tmp/mysql.sock' (2)):
  
activerecord (7.0.6) lib/active_record/connection_adapters/mysql2_adapter.rb:53:in `rescue in new_client'
activerecord (7.0.6) lib/active_record/connection_adapters/mysql2_adapter.rb:43:in `new_client'
activerecord (7.0.6) lib/active_record/connection_adapters/mysql2_adapter.rb:23:in `mysql2_connection'
activerecord (7.0.6) lib/active_record/connection_adapters/abstract/connection_pool.rb:656:in `public_send'
activerecord (7.0.6) lib/active_record/connection_adapters/abstract/connection_pool.rb:656:in `new_connection'
activerecord (7.0.6) lib/active_record/connection_adapters/abstract/connection_pool.rb:700:in `checkout_new_connection'
activerecord (7.0.6) lib/active_record/connection_adapters/abstract/connection_pool.rb:679:in `try_to_checkout_new_connection'
activerecord (7.0.6) lib/active_record/connection_adapters/abstract/connection_pool.rb:640:in `acquire_connection'
activerecord (7.0.6) lib/active_record/connection_adapters/abstract/connection_pool.rb:341:in `checkout'
activerecord (7.0.6) lib/active_record/connection_adapters/abstract/connection_pool.rb:181:in `connection'
activerecord (7.0.6) lib/active_record/connection_adapters/abstract/connection_handler.rb:211:in `retrieve_connection'
activerecord (7.0.6) lib/active_record/connection_handling.rb:313:in `retrieve_connection'
activerecord (7.0.6) lib/active_record/connection_handling.rb:280:in `connection'
activerecord (7.0.6) lib/active_record/migration.rb:613:in `connection'
activerecord (7.0.6) lib/active_record/migration.rb:608:in `build_watcher'
activerecord (7.0.6) lib/active_record/migration.rb:590:in `block in call'
activerecord (7.0.6) lib/active_record/migration.rb:589:in `synchronize'
activerecord (7.0.6) lib/active_record/migration.rb:589:in `call'
actionpack (7.0.6) lib/action_dispatch/middleware/callbacks.rb:27:in `block in call'
activesupport (7.0.6) lib/active_support/callbacks.rb:99:in `run_callbacks'
actionpack (7.0.6) lib/action_dispatch/middleware/callbacks.rb:26:in `call'
actionpack (7.0.6) lib/action_dispatch/middleware/executor.rb:14:in `call'
actionpack (7.0.6) lib/action_dispatch/middleware/actionable_exceptions.rb:17:in `call'
actionpack (7.0.6) lib/action_dispatch/middleware/debug_exceptions.rb:28:in `call'
actionpack (7.0.6) lib/action_dispatch/middleware/show_exceptions.rb:29:in `call'
railties (7.0.6) lib/rails/rack/logger.rb:40:in `call_app'
railties (7.0.6) lib/rails/rack/logger.rb:25:in `block in call'
activesupport (7.0.6) lib/active_support/tagged_logging.rb:99:in `block in tagged'
activesupport (7.0.6) lib/active_support/tagged_logging.rb:37:in `tagged'
activesupport (7.0.6) lib/active_support/tagged_logging.rb:99:in `tagged'
railties (7.0.6) lib/rails/rack/logger.rb:25:in `call'
actionpack (7.0.6) lib/action_dispatch/middleware/remote_ip.rb:93:in `call'
actionpack (7.0.6) lib/action_dispatch/middleware/request_id.rb:26:in `call'
rack (2.2.7) lib/rack/runtime.rb:22:in `call'
activesupport (7.0.6) lib/active_support/cache/strategy/local_cache_middleware.rb:29:in `call'
actionpack (7.0.6) lib/action_dispatch/middleware/server_timing.rb:61:in `block in call'
actionpack (7.0.6) lib/action_dispatch/middleware/server_timing.rb:26:in `collect_events'
actionpack (7.0.6) lib/action_dispatch/middleware/server_timing.rb:60:in `call'
actionpack (7.0.6) lib/action_dispatch/middleware/executor.rb:14:in `call'
actionpack (7.0.6) lib/action_dispatch/middleware/static.rb:23:in `call'
rack (2.2.7) lib/rack/sendfile.rb:110:in `call'
actionpack (7.0.6) lib/action_dispatch/middleware/host_authorization.rb:137:in `call'
railties (7.0.6) lib/rails/engine.rb:530:in `call'
puma (5.6.6) lib/puma/configuration.rb:252:in `call'
puma (5.6.6) lib/puma/request.rb:77:in `block in handle_request'
puma (5.6.6) lib/puma/thread_pool.rb:340:in `with_force_shutdown'
puma (5.6.6) lib/puma/request.rb:76:in `handle_request'
puma (5.6.6) lib/puma/server.rb:443:in `process_client'
puma (5.6.6) lib/puma/thread_pool.rb:147:in `block in spawn_thread'
  [1m[35m (1.0ms)[0m  [1m[35mCREATE DATABASE `backend_development` DEFAULT CHARACTER SET `utf8mb4`[0m
  [1m[35m (0.5ms)[0m  [1m[35mCREATE DATABASE `backend_test` DEFAULT CHARACTER SET `utf8mb4`[0m
Started GET "/" for ::1 at 2023-07-27 15:41:23 +0900
  [1m[36mActiveRecord::SchemaMigration Pluck (11.5ms)[0m  [1m[34mSELECT `schema_migrations`.`version` FROM `schema_migrations` ORDER BY `schema_migrations`.`version` ASC[0m
Processing by Rails::WelcomeController#index as HTML
  Rendering /Users/cyrano/.rbenv/versions/3.1.1/lib/ruby/gems/3.1.0/gems/railties-7.0.6/lib/rails/templates/rails/welcome/index.html.erb
  Rendered /Users/cyrano/.rbenv/versions/3.1.1/lib/ruby/gems/3.1.0/gems/railties-7.0.6/lib/rails/templates/rails/welcome/index.html.erb (Duration: 1.9ms | Allocations: 529)
Completed 200 OK in 25ms (Views: 6.0ms | ActiveRecord: 0.0ms | Allocations: 4752)


Started GET "/" for ::1 at 2023-07-27 15:52:09 +0900
  [1m[36mActiveRecord::SchemaMigration Pluck (0.2ms)[0m  [1m[34mSELECT `schema_migrations`.`version` FROM `schema_migrations` ORDER BY `schema_migrations`.`version` ASC[0m
Processing by Rails::WelcomeController#index as HTML
  Rendering /Users/cyrano/.rbenv/versions/3.1.1/lib/ruby/gems/3.1.0/gems/railties-7.0.6/lib/rails/templates/rails/welcome/index.html.erb
  Rendered /Users/cyrano/.rbenv/versions/3.1.1/lib/ruby/gems/3.1.0/gems/railties-7.0.6/lib/rails/templates/rails/welcome/index.html.erb (Duration: 1.9ms | Allocations: 529)
Completed 200 OK in 22ms (Views: 8.9ms | ActiveRecord: 0.0ms | Allocations: 4318)


  [1m[35m (0.6ms)[0m  [1m[34mSELECT GET_LOCK('5073945470573576205', 0)[0m
  [1m[36mActiveRecord::SchemaMigration Pluck (0.7ms)[0m  [1m[34mSELECT `schema_migrations`.`version` FROM `schema_migrations` ORDER BY `schema_migrations`.`version` ASC[0m
Migrating to DeviseTokenAuthCreateUsers (20230727071652)
  [1m[35m (3.8ms)[0m  [1m[35mCREATE TABLE `users` (`id` bigint NOT NULL AUTO_INCREMENT PRIMARY KEY, `provider` varchar(255) DEFAULT 'email' NOT NULL, `uid` varchar(255) DEFAULT '' NOT NULL, `encrypted_password` varchar(255) DEFAULT '' NOT NULL, `reset_password_token` varchar(255), `reset_password_sent_at` datetime(6), `allow_password_change` tinyint(1) DEFAULT FALSE, `remember_created_at` datetime(6), `confirmation_token` varchar(255), `confirmed_at` datetime(6), `confirmation_sent_at` datetime(6), `unconfirmed_email` varchar(255), `name` varchar(255), `nickname` varchar(255), `image` varchar(255), `email` varchar(255), `tokens` text, `created_at` datetime(6) NOT NULL, `updated_at` datetime(6) NOT NULL)[0m
  [1m[35m (0.6ms)[0m  [1m[34mSELECT RELEASE_LOCK('5073945470573576205')[0m
  [1m[35m (2.0ms)[0m  [1m[35mCREATE DATABASE `backend_development` DEFAULT CHARACTER SET `utf8mb4`[0m
  [1m[35m (1.4ms)[0m  [1m[35mCREATE DATABASE `backend_test` DEFAULT CHARACTER SET `utf8mb4`[0m
  [1m[35m (18.5ms)[0m  [1m[35mCREATE TABLE `schema_migrations` (`version` varchar(255) NOT NULL PRIMARY KEY)[0m
  [1m[35m (6.1ms)[0m  [1m[35mCREATE TABLE `ar_internal_metadata` (`key` varchar(255) NOT NULL PRIMARY KEY, `value` varchar(255), `created_at` datetime(6) NOT NULL, `updated_at` datetime(6) NOT NULL)[0m
  [1m[35m (0.1ms)[0m  [1m[34mSELECT GET_LOCK('5073945470573576205', 0)[0m
  [1m[36mActiveRecord::SchemaMigration Pluck (0.5ms)[0m  [1m[34mSELECT `schema_migrations`.`version` FROM `schema_migrations` ORDER BY `schema_migrations`.`version` ASC[0m
Migrating to DeviseTokenAuthCreateUsers (20230727071652)
  [1m[35m (14.9ms)[0m  [1m[35mCREATE TABLE `users` (`id` bigint NOT NULL AUTO_INCREMENT PRIMARY KEY, `provider` varchar(255) DEFAULT 'email' NOT NULL, `uid` varchar(255) DEFAULT '' NOT NULL, `encrypted_password` varchar(255) DEFAULT '' NOT NULL, `reset_password_token` varchar(255), `reset_password_sent_at` datetime(6), `allow_password_change` tinyint(1) DEFAULT FALSE, `remember_created_at` datetime(6), `confirmation_token` varchar(255), `confirmed_at` datetime(6), `confirmation_sent_at` datetime(6), `unconfirmed_email` varchar(255), `name` varchar(255), `nickname` varchar(255), `image` varchar(255), `email` varchar(255), `tokens` text, `created_at` datetime(6) NOT NULL, `updated_at` datetime(6) NOT NULL)[0m
  [1m[35m (26.5ms)[0m  [1m[35mCREATE UNIQUE INDEX `index_users_on_email` ON `users` (`email`)[0m
  [1m[35m (11.3ms)[0m  [1m[35mCREATE UNIQUE INDEX `index_users_on_uid_and_provider` ON `users` (`uid`, `provider`)[0m
  [1m[35m (9.2ms)[0m  [1m[35mCREATE UNIQUE INDEX `index_users_on_reset_password_token` ON `users` (`reset_password_token`)[0m
  [1m[35m (9.0ms)[0m  [1m[35mCREATE UNIQUE INDEX `index_users_on_confirmation_token` ON `users` (`confirmation_token`)[0m
  [1m[36mTRANSACTION (0.8ms)[0m  [1m[35mBEGIN[0m
  [1m[36mActiveRecord::SchemaMigration Create (2.9ms)[0m  [1m[32mINSERT INTO `schema_migrations` (`version`) VALUES ('20230727071652')[0m
  [1m[36mTRANSACTION (0.6ms)[0m  [1m[35mCOMMIT[0m
  [1m[36mActiveRecord::InternalMetadata Load (0.9ms)[0m  [1m[34mSELECT `ar_internal_metadata`.* FROM `ar_internal_metadata` WHERE `ar_internal_metadata`.`key` = 'environment' LIMIT 1[0m
  [1m[36mTRANSACTION (0.1ms)[0m  [1m[35mBEGIN[0m
  [1m[36mActiveRecord::InternalMetadata Create (0.3ms)[0m  [1m[32mINSERT INTO `ar_internal_metadata` (`key`, `value`, `created_at`, `updated_at`) VALUES ('environment', 'development', '2023-07-27 07:45:47.924163', '2023-07-27 07:45:47.924163')[0m
  [1m[36mTRANSACTION (1.5ms)[0m  [1m[35mCOMMIT[0m
  [1m[35m (0.5ms)[0m  [1m[34mSELECT RELEASE_LOCK('5073945470573576205')[0m
  [1m[36mActiveRecord::SchemaMigration Pluck (0.3ms)[0m  [1m[34mSELECT `schema_migrations`.`version` FROM `schema_migrations` ORDER BY `schema_migrations`.`version` ASC[0m
Started GET "/" for ::1 at 2023-07-27 16:48:42 +0900
  [1m[36mActiveRecord::SchemaMigration Pluck (0.4ms)[0m  [1m[34mSELECT `schema_migrations`.`version` FROM `schema_migrations` ORDER BY `schema_migrations`.`version` ASC[0m
Processing by Rails::WelcomeController#index as HTML
  Rendering /Users/cyrano/.rbenv/versions/3.1.1/lib/ruby/gems/3.1.0/gems/railties-7.0.6/lib/rails/templates/rails/welcome/index.html.erb
  Rendered /Users/cyrano/.rbenv/versions/3.1.1/lib/ruby/gems/3.1.0/gems/railties-7.0.6/lib/rails/templates/rails/welcome/index.html.erb (Duration: 3.4ms | Allocations: 527)
Completed 200 OK in 88ms (Views: 8.3ms | ActiveRecord: 0.0ms | Allocations: 13574)


Started GET "/" for ::1 at 2023-07-27 16:48:43 +0900
Processing by Rails::WelcomeController#index as HTML
  Rendering /Users/cyrano/.rbenv/versions/3.1.1/lib/ruby/gems/3.1.0/gems/railties-7.0.6/lib/rails/templates/rails/welcome/index.html.erb
  Rendered /Users/cyrano/.rbenv/versions/3.1.1/lib/ruby/gems/3.1.0/gems/railties-7.0.6/lib/rails/templates/rails/welcome/index.html.erb (Duration: 0.7ms | Allocations: 296)
Completed 200 OK in 3ms (Views: 1.9ms | ActiveRecord: 0.0ms | Allocations: 1111)


Started POST "/api/v1/auth" for 127.0.0.1 at 2023-07-27 17:32:32 +0900
Processing by Api::V1::Auth::RegistrationsController#create as */*
  Parameters: {"name"=>"testå¤ªéƒŽ", "email"=>"test@example.com", "password"=>"[FILTERED]", "password_confirmation"=>"[FILTERED]", "registration"=>{"name"=>"testå¤ªéƒŽ", "email"=>"test@example.com", "password"=>"[FILTERED]", "password_confirmation"=>"[FILTERED]"}}
  [1m[36mTRANSACTION (0.2ms)[0m  [1m[35mBEGIN[0m
  [1m[36mUser Exists? (1.1ms)[0m  [1m[34mSELECT 1 AS one FROM `users` WHERE `users`.`email` = 'test@example.com' AND `users`.`provider` = 'email' LIMIT 1[0m
  [1m[36mUser Create (6.1ms)[0m  [1m[32mINSERT INTO `users` (`provider`, `uid`, `encrypted_password`, `reset_password_token`, `reset_password_sent_at`, `allow_password_change`, `remember_created_at`, `confirmation_token`, `confirmed_at`, `confirmation_sent_at`, `unconfirmed_email`, `name`, `nickname`, `image`, `email`, `tokens`, `created_at`, `updated_at`) VALUES ('email', 'test@example.com', '$2a$12$XX2KNt.MtqvORJSFFEAzbOHYfE8msgtwtTWC9jRbLN2WiT6BljFLW', NULL, NULL, FALSE, NULL, NULL, NULL, NULL, NULL, 'testå¤ªéƒŽ', NULL, NULL, 'test@example.com', NULL, '2023-07-27 08:32:32.808292', '2023-07-27 08:32:32.808292')[0m
  [1m[36mTRANSACTION (2.5ms)[0m  [1m[35mCOMMIT[0m
  [1m[36mTRANSACTION (0.2ms)[0m  [1m[35mBEGIN[0m
  [1m[36mUser Update (5.0ms)[0m  [1m[33mUPDATE `users` SET `users`.`tokens` = '{\"CReaKuEqvuxxpBuFP5-afQ\":{\"token\":\"$2a$10$ZRL3Gpo6M3ygEUHv4DQkCekEShrDJSoHjnEkPQc7kLi4MUkd7.882\",\"expiry\":1691656352}}', `users`.`updated_at` = '2023-07-27 08:32:32.880898' WHERE `users`.`id` = 1[0m
  [1m[36mTRANSACTION (0.7ms)[0m  [1m[35mCOMMIT[0m
  [1m[36mUser Load (0.3ms)[0m  [1m[34mSELECT `users`.* FROM `users` WHERE `users`.`id` = 1 LIMIT 1[0m
  [1m[36mTRANSACTION (0.1ms)[0m  [1m[35mBEGIN[0m
  [1m[36mUser Load (0.4ms)[0m  [1m[37mSELECT `users`.* FROM `users` WHERE `users`.`id` = 1 LIMIT 1 FOR UPDATE[0m
  [1m[36mUser Update (1.8ms)[0m  [1m[33mUPDATE `users` SET `users`.`tokens` = '{\"CReaKuEqvuxxpBuFP5-afQ\":{\"token\":\"$2a$10$6EJhi75l348/N4lB7crZ8Ou3ALRutvVgMRRG6wxvA7e/2ezlH4ykq\",\"expiry\":1691656352,\"previous_token\":\"$2a$10$ZRL3Gpo6M3ygEUHv4DQkCekEShrDJSoHjnEkPQc7kLi4MUkd7.882\",\"updated_at\":\"2023-07-27T08:32:32Z\"}}', `users`.`updated_at` = '2023-07-27 08:32:32.951507' WHERE `users`.`id` = 1[0m
  [1m[36mTRANSACTION (0.7ms)[0m  [1m[35mCOMMIT[0m
Completed 200 OK in 480ms (Views: 0.4ms | ActiveRecord: 60.6ms | Allocations: 28194)


Started POST "/api/v1/auth/sign_in%20" for 127.0.0.1 at 2023-07-27 17:36:48 +0900
  
ActionController::RoutingError (No route matches [POST] "/api/v1/auth/sign_in%20"):
  
Started GET "/api/v1/auth" for 127.0.0.1 at 2023-07-27 17:37:32 +0900
  
ActionController::RoutingError (No route matches [GET] "/api/v1/auth"):
  
Started GET "/api/v1/auth" for 127.0.0.1 at 2023-07-27 17:37:33 +0900
  
ActionController::RoutingError (No route matches [GET] "/api/v1/auth"):
  
Started GET "/api/v1/auth" for 127.0.0.1 at 2023-07-27 17:37:42 +0900
  
ActionController::RoutingError (No route matches [GET] "/api/v1/auth"):
  
Started POST "/api/v1/auth/sign_in" for 127.0.0.1 at 2023-07-27 17:40:44 +0900
Processing by DeviseTokenAuth::SessionsController#create as */*
  Parameters: {"email"=>"test@example.com", "password"=>"[FILTERED]", "session"=>{"email"=>"test@example.com", "password"=>"[FILTERED]"}}
[31mUnpermitted parameter: :session. Context: { controller: DeviseTokenAuth::SessionsController, action: create, request: #<ActionDispatch::Request:0x000000010edae670>, params: {"email"=>"test@example.com", "password"=>"[FILTERED]", "controller"=>"devise_token_auth/sessions", "action"=>"create", "session"=>{"email"=>"test@example.com", "password"=>"[FILTERED]"}} }[0m
[31mUnpermitted parameter: :session. Context: { controller: DeviseTokenAuth::SessionsController, action: create, request: #<ActionDispatch::Request:0x000000010edae670>, params: {"email"=>"test@example.com", "password"=>"[FILTERED]", "controller"=>"devise_token_auth/sessions", "action"=>"create", "session"=>{"email"=>"test@example.com", "password"=>"[FILTERED]"}} }[0m
  [1m[36mUser Load (4.6ms)[0m  [1m[34mSELECT `users`.* FROM `users` WHERE (BINARY `email` = 'test@example.com' AND provider= 'email') ORDER BY `users`.`id` ASC LIMIT 1[0m
[31mUnpermitted parameter: :session. Context: { controller: DeviseTokenAuth::SessionsController, action: create, request: #<ActionDispatch::Request:0x000000010edae670>, params: {"email"=>"test@example.com", "password"=>"[FILTERED]", "controller"=>"devise_token_auth/sessions", "action"=>"create", "session"=>{"email"=>"test@example.com", "password"=>"[FILTERED]"}} }[0m
[31mUnpermitted parameter: :session. Context: { controller: DeviseTokenAuth::SessionsController, action: create, request: #<ActionDispatch::Request:0x000000010edae670>, params: {"email"=>"test@example.com", "password"=>"[FILTERED]", "controller"=>"devise_token_auth/sessions", "action"=>"create", "session"=>{"email"=>"test@example.com", "password"=>"[FILTERED]"}} }[0m
  [1m[36mTRANSACTION (1.0ms)[0m  [1m[35mBEGIN[0m
  [1m[36mUser Load (1.5ms)[0m  [1m[37mSELECT `users`.* FROM `users` WHERE `users`.`id` = 1 LIMIT 1 FOR UPDATE[0m
  [1m[36mUser Update (2.7ms)[0m  [1m[33mUPDATE `users` SET `users`.`tokens` = '{\"CReaKuEqvuxxpBuFP5-afQ\":{\"token\":\"$2a$10$6EJhi75l348/N4lB7crZ8Ou3ALRutvVgMRRG6wxvA7e/2ezlH4ykq\",\"expiry\":1691656352,\"previous_token\":\"$2a$10$ZRL3Gpo6M3ygEUHv4DQkCekEShrDJSoHjnEkPQc7kLi4MUkd7.882\",\"updated_at\":\"2023-07-27T08:32:32Z\"},\"ASh_wX_3_pwqCrK-Ou_0CA\":{\"token\":\"$2a$10$gpaBjRm9IkVf3SOJs1H9X./1JcvJv1oNxN1f27xKQQMoiKqpl3rUi\",\"expiry\":1691656845}}', `users`.`updated_at` = '2023-07-27 08:40:45.010222' WHERE `users`.`id` = 1[0m
  [1m[36mTRANSACTION (1.7ms)[0m  [1m[35mCOMMIT[0m
  [1m[36mUser Load (0.3ms)[0m  [1m[34mSELECT `users`.* FROM `users` WHERE `users`.`id` = 1 LIMIT 1[0m
  [1m[36mTRANSACTION (0.2ms)[0m  [1m[35mBEGIN[0m
  [1m[36mUser Load (0.3ms)[0m  [1m[37mSELECT `users`.* FROM `users` WHERE `users`.`id` = 1 LIMIT 1 FOR UPDATE[0m
  [1m[36mUser Update (2.4ms)[0m  [1m[33mUPDATE `users` SET `users`.`tokens` = '{\"CReaKuEqvuxxpBuFP5-afQ\":{\"token\":\"$2a$10$6EJhi75l348/N4lB7crZ8Ou3ALRutvVgMRRG6wxvA7e/2ezlH4ykq\",\"expiry\":1691656352,\"previous_token\":\"$2a$10$ZRL3Gpo6M3ygEUHv4DQkCekEShrDJSoHjnEkPQc7kLi4MUkd7.882\",\"updated_at\":\"2023-07-27T08:32:32Z\"},\"ASh_wX_3_pwqCrK-Ou_0CA\":{\"token\":\"$2a$10$MY0uCiD275tnOkOVwp25OOotGevFv7zLvViKq4XqZioW2eW7LQPoq\",\"expiry\":1691656845,\"previous_token\":\"$2a$10$gpaBjRm9IkVf3SOJs1H9X./1JcvJv1oNxN1f27xKQQMoiKqpl3rUi\",\"updated_at\":\"2023-07-27T08:40:45Z\"}}', `users`.`updated_at` = '2023-07-27 08:40:45.091606' WHERE `users`.`id` = 1[0m
  [1m[36mTRANSACTION (1.3ms)[0m  [1m[35mCOMMIT[0m
Completed 200 OK in 394ms (Views: 0.2ms | ActiveRecord: 17.6ms | Allocations: 13433)


Started GET "/api/v1/auth/sessions" for 127.0.0.1 at 2023-07-27 17:44:48 +0900
Processing by Api::V1::Auth::SessionsController#index as */*
  Parameters: {"access-token"=>"[FILTERED]", "client"=>"ASh_wX_3_pwqCrK-Ou_0CA", "uid"=>"test@example.com", "session"=>{"access-token"=>"[FILTERED]", "client"=>"ASh_wX_3_pwqCrK-Ou_0CA", "uid"=>"test@example.com"}}
  [1m[36mUser Load (4.8ms)[0m  [1m[34mSELECT `users`.* FROM `users` WHERE `users`.`uid` = 'test@example.com' LIMIT 1[0m
  â†³ app/controllers/api/v1/auth/sessions_controller.rb:4:in `index'
Completed 500 Internal Server Error in 70ms (ActiveRecord: 4.8ms | Allocations: 1225)


  
ActionDispatch::Request::Session::DisabledSessionError (Your application has sessions disabled. To write to the session you must first configure a session store):
  
app/controllers/api/v1/auth/sessions_controller.rb:4:in `index'
Started GET "/api/v1/auth/sessions" for 127.0.0.1 at 2023-07-27 17:50:18 +0900
Processing by Api::V1::Auth::SessionsController#index as */*
  Parameters: {"access-token"=>"[FILTERED]", "client"=>"ASh_wX_3_pwqCrK-Ou_0CA", "uid"=>"test@example.com", "session"=>{"access-token"=>"[FILTERED]", "client"=>"ASh_wX_3_pwqCrK-Ou_0CA", "uid"=>"test@example.com"}}
  [1m[36mUser Load (0.3ms)[0m  [1m[34mSELECT `users`.* FROM `users` WHERE `users`.`uid` = 'test@example.com' LIMIT 1[0m
  â†³ app/controllers/api/v1/auth/sessions_controller.rb:4:in `index'
Completed 500 Internal Server Error in 3ms (ActiveRecord: 0.3ms | Allocations: 697)


  
ActionDispatch::Request::Session::DisabledSessionError (Your application has sessions disabled. To write to the session you must first configure a session store):
  
app/controllers/api/v1/auth/sessions_controller.rb:4:in `index'
Started DELETE "/api/v1/auth/sign_out" for 127.0.0.1 at 2023-07-27 17:51:12 +0900
Processing by DeviseTokenAuth::SessionsController#destroy as */*
  Parameters: {"access-token"=>"[FILTERED]", "client"=>"ASh_wX_3_pwqCrK-Ou_0CA", "uid"=>"test@example.com", "session"=>{"access-token"=>"[FILTERED]", "client"=>"ASh_wX_3_pwqCrK-Ou_0CA", "uid"=>"test@example.com"}}
  [1m[36mUser Load (1.3ms)[0m  [1m[34mSELECT `users`.* FROM `users` WHERE `users`.`uid` = 'test@example.com' LIMIT 1[0m
Completed 500 Internal Server Error in 4ms (ActiveRecord: 1.3ms | Allocations: 1064)


  
ActionDispatch::Request::Session::DisabledSessionError (Your application has sessions disabled. To write to the session you must first configure a session store):
  
actionpack (7.0.6) lib/action_dispatch/request/session.rb:253:in `load_for_write!'
actionpack (7.0.6) lib/action_dispatch/request/session.rb:151:in `[]='
warden (1.2.9) lib/warden/session_serializer.rb:27:in `store'
devise (4.9.2) lib/devise/controllers/sign_in_out.rb:68:in `bypass_sign_in'
devise_token_auth (1.2.2) app/controllers/devise_token_auth/concerns/set_user_by_token.rb:90:in `set_user_by_token'
activesupport (7.0.6) lib/active_support/callbacks.rb:400:in `block in make_lambda'
activesupport (7.0.6) lib/active_support/callbacks.rb:180:in `block (2 levels) in halting_and_conditional'
actionpack (7.0.6) lib/abstract_controller/callbacks.rb:34:in `block (2 levels) in <module:Callbacks>'
activesupport (7.0.6) lib/active_support/callbacks.rb:181:in `block in halting_and_conditional'
activesupport (7.0.6) lib/active_support/callbacks.rb:595:in `block in invoke_before'
activesupport (7.0.6) lib/active_support/callbacks.rb:595:in `each'
activesupport (7.0.6) lib/active_support/callbacks.rb:595:in `invoke_before'
activesupport (7.0.6) lib/active_support/callbacks.rb:116:in `block in run_callbacks'
actiontext (7.0.6) lib/action_text/rendering.rb:20:in `with_renderer'
actiontext (7.0.6) lib/action_text/engine.rb:69:in `block (4 levels) in <class:Engine>'
activesupport (7.0.6) lib/active_support/callbacks.rb:127:in `instance_exec'
activesupport (7.0.6) lib/active_support/callbacks.rb:127:in `block in run_callbacks'
activesupport (7.0.6) lib/active_support/callbacks.rb:138:in `run_callbacks'
actionpack (7.0.6) lib/abstract_controller/callbacks.rb:233:in `process_action'
actionpack (7.0.6) lib/action_controller/metal/rescue.rb:23:in `process_action'
actionpack (7.0.6) lib/action_controller/metal/instrumentation.rb:67:in `block in process_action'
activesupport (7.0.6) lib/active_support/notifications.rb:206:in `block in instrument'
activesupport (7.0.6) lib/active_support/notifications/instrumenter.rb:24:in `instrument'
activesupport (7.0.6) lib/active_support/notifications.rb:206:in `instrument'
actionpack (7.0.6) lib/action_controller/metal/instrumentation.rb:66:in `process_action'
actionpack (7.0.6) lib/action_controller/metal/params_wrapper.rb:259:in `process_action'
activerecord (7.0.6) lib/active_record/railties/controller_runtime.rb:27:in `process_action'
actionpack (7.0.6) lib/abstract_controller/base.rb:151:in `process'
actionview (7.0.6) lib/action_view/rendering.rb:39:in `process'
actionpack (7.0.6) lib/action_controller/metal.rb:188:in `dispatch'
actionpack (7.0.6) lib/action_controller/metal.rb:251:in `dispatch'
actionpack (7.0.6) lib/action_dispatch/routing/route_set.rb:49:in `dispatch'
actionpack (7.0.6) lib/action_dispatch/routing/route_set.rb:32:in `serve'
actionpack (7.0.6) lib/action_dispatch/routing/mapper.rb:18:in `block in <class:Constraints>'
actionpack (7.0.6) lib/action_dispatch/routing/mapper.rb:48:in `serve'
actionpack (7.0.6) lib/action_dispatch/journey/router.rb:50:in `block in serve'
actionpack (7.0.6) lib/action_dispatch/journey/router.rb:32:in `each'
actionpack (7.0.6) lib/action_dispatch/journey/router.rb:32:in `serve'
actionpack (7.0.6) lib/action_dispatch/routing/route_set.rb:852:in `call'
warden (1.2.9) lib/warden/manager.rb:36:in `block in call'
warden (1.2.9) lib/warden/manager.rb:34:in `catch'
warden (1.2.9) lib/warden/manager.rb:34:in `call'
rack (2.2.7) lib/rack/etag.rb:27:in `call'
rack (2.2.7) lib/rack/conditional_get.rb:40:in `call'
rack (2.2.7) lib/rack/head.rb:12:in `call'
activerecord (7.0.6) lib/active_record/migration.rb:603:in `call'
actionpack (7.0.6) lib/action_dispatch/middleware/callbacks.rb:27:in `block in call'
activesupport (7.0.6) lib/active_support/callbacks.rb:99:in `run_callbacks'
actionpack (7.0.6) lib/action_dispatch/middleware/callbacks.rb:26:in `call'
actionpack (7.0.6) lib/action_dispatch/middleware/executor.rb:14:in `call'
actionpack (7.0.6) lib/action_dispatch/middleware/actionable_exceptions.rb:17:in `call'
actionpack (7.0.6) lib/action_dispatch/middleware/debug_exceptions.rb:28:in `call'
actionpack (7.0.6) lib/action_dispatch/middleware/show_exceptions.rb:29:in `call'
railties (7.0.6) lib/rails/rack/logger.rb:40:in `call_app'
railties (7.0.6) lib/rails/rack/logger.rb:25:in `block in call'
activesupport (7.0.6) lib/active_support/tagged_logging.rb:99:in `block in tagged'
activesupport (7.0.6) lib/active_support/tagged_logging.rb:37:in `tagged'
activesupport (7.0.6) lib/active_support/tagged_logging.rb:99:in `tagged'
railties (7.0.6) lib/rails/rack/logger.rb:25:in `call'
actionpack (7.0.6) lib/action_dispatch/middleware/remote_ip.rb:93:in `call'
actionpack (7.0.6) lib/action_dispatch/middleware/request_id.rb:26:in `call'
rack (2.2.7) lib/rack/runtime.rb:22:in `call'
activesupport (7.0.6) lib/active_support/cache/strategy/local_cache_middleware.rb:29:in `call'
actionpack (7.0.6) lib/action_dispatch/middleware/server_timing.rb:61:in `block in call'
actionpack (7.0.6) lib/action_dispatch/middleware/server_timing.rb:26:in `collect_events'
actionpack (7.0.6) lib/action_dispatch/middleware/server_timing.rb:60:in `call'
actionpack (7.0.6) lib/action_dispatch/middleware/executor.rb:14:in `call'
actionpack (7.0.6) lib/action_dispatch/middleware/static.rb:23:in `call'
rack (2.2.7) lib/rack/sendfile.rb:110:in `call'
actionpack (7.0.6) lib/action_dispatch/middleware/host_authorization.rb:137:in `call'
rack-cors (2.0.1) lib/rack/cors.rb:102:in `call'
railties (7.0.6) lib/rails/engine.rb:530:in `call'
puma (5.6.6) lib/puma/configuration.rb:252:in `call'
puma (5.6.6) lib/puma/request.rb:77:in `block in handle_request'
puma (5.6.6) lib/puma/thread_pool.rb:340:in `with_force_shutdown'
puma (5.6.6) lib/puma/request.rb:76:in `handle_request'
puma (5.6.6) lib/puma/server.rb:443:in `process_client'
puma (5.6.6) lib/puma/thread_pool.rb:147:in `block in spawn_thread'
Started POST "/api/v1/auth/sign_in" for 127.0.0.1 at 2023-07-27 17:51:43 +0900
Processing by DeviseTokenAuth::SessionsController#create as */*
  Parameters: {"email"=>"test@example.com", "password"=>"[FILTERED]", "session"=>{"email"=>"test@example.com", "password"=>"[FILTERED]"}}
[31mUnpermitted parameter: :session. Context: { controller: DeviseTokenAuth::SessionsController, action: create, request: #<ActionDispatch::Request:0x000000010eb76c90>, params: {"email"=>"test@example.com", "password"=>"[FILTERED]", "controller"=>"devise_token_auth/sessions", "action"=>"create", "session"=>{"email"=>"test@example.com", "password"=>"[FILTERED]"}} }[0m
[31mUnpermitted parameter: :session. Context: { controller: DeviseTokenAuth::SessionsController, action: create, request: #<ActionDispatch::Request:0x000000010eb76c90>, params: {"email"=>"test@example.com", "password"=>"[FILTERED]", "controller"=>"devise_token_auth/sessions", "action"=>"create", "session"=>{"email"=>"test@example.com", "password"=>"[FILTERED]"}} }[0m
  [1m[36mUser Load (0.3ms)[0m  [1m[34mSELECT `users`.* FROM `users` WHERE (BINARY `email` = 'test@example.com' AND provider= 'email') ORDER BY `users`.`id` ASC LIMIT 1[0m
[31mUnpermitted parameter: :session. Context: { controller: DeviseTokenAuth::SessionsController, action: create, request: #<ActionDispatch::Request:0x000000010eb76c90>, params: {"email"=>"test@example.com", "password"=>"[FILTERED]", "controller"=>"devise_token_auth/sessions", "action"=>"create", "session"=>{"email"=>"test@example.com", "password"=>"[FILTERED]"}} }[0m
[31mUnpermitted parameter: :session. Context: { controller: DeviseTokenAuth::SessionsController, action: create, request: #<ActionDispatch::Request:0x000000010eb76c90>, params: {"email"=>"test@example.com", "password"=>"[FILTERED]", "controller"=>"devise_token_auth/sessions", "action"=>"create", "session"=>{"email"=>"test@example.com", "password"=>"[FILTERED]"}} }[0m
  [1m[36mTRANSACTION (0.2ms)[0m  [1m[35mBEGIN[0m
  [1m[36mUser Load (0.3ms)[0m  [1m[37mSELECT `users`.* FROM `users` WHERE `users`.`id` = 1 LIMIT 1 FOR UPDATE[0m
  [1m[36mUser Update (5.2ms)[0m  [1m[33mUPDATE `users` SET `users`.`tokens` = '{\"CReaKuEqvuxxpBuFP5-afQ\":{\"token\":\"$2a$10$6EJhi75l348/N4lB7crZ8Ou3ALRutvVgMRRG6wxvA7e/2ezlH4ykq\",\"expiry\":1691656352,\"previous_token\":\"$2a$10$ZRL3Gpo6M3ygEUHv4DQkCekEShrDJSoHjnEkPQc7kLi4MUkd7.882\",\"updated_at\":\"2023-07-27T08:32:32Z\"},\"ASh_wX_3_pwqCrK-Ou_0CA\":{\"token\":\"$2a$10$MY0uCiD275tnOkOVwp25OOotGevFv7zLvViKq4XqZioW2eW7LQPoq\",\"expiry\":1691656845,\"previous_token\":\"$2a$10$gpaBjRm9IkVf3SOJs1H9X./1JcvJv1oNxN1f27xKQQMoiKqpl3rUi\",\"updated_at\":\"2023-07-27T08:40:45Z\"},\"GDFh1Ojls5UfUiZ30OfwmQ\":{\"token\":\"$2a$10$5Vs87Avc9KcrOSGbVTm5yeDhwGgNbZp9ttb6RMohVE2rTgwciF0ju\",\"expiry\":1691657504}}', `users`.`updated_at` = '2023-07-27 08:51:44.257945' WHERE `users`.`id` = 1[0m
  [1m[36mTRANSACTION (2.9ms)[0m  [1m[35mCOMMIT[0m
  [1m[36mUser Load (1.2ms)[0m  [1m[34mSELECT `users`.* FROM `users` WHERE `users`.`id` = 1 LIMIT 1[0m
  [1m[36mTRANSACTION (0.2ms)[0m  [1m[35mBEGIN[0m
  [1m[36mUser Load (0.9ms)[0m  [1m[37mSELECT `users`.* FROM `users` WHERE `users`.`id` = 1 LIMIT 1 FOR UPDATE[0m
  [1m[36mUser Update (2.2ms)[0m  [1m[33mUPDATE `users` SET `users`.`tokens` = '{\"CReaKuEqvuxxpBuFP5-afQ\":{\"token\":\"$2a$10$6EJhi75l348/N4lB7crZ8Ou3ALRutvVgMRRG6wxvA7e/2ezlH4ykq\",\"expiry\":1691656352,\"previous_token\":\"$2a$10$ZRL3Gpo6M3ygEUHv4DQkCekEShrDJSoHjnEkPQc7kLi4MUkd7.882\",\"updated_at\":\"2023-07-27T08:32:32Z\"},\"ASh_wX_3_pwqCrK-Ou_0CA\":{\"token\":\"$2a$10$MY0uCiD275tnOkOVwp25OOotGevFv7zLvViKq4XqZioW2eW7LQPoq\",\"expiry\":1691656845,\"previous_token\":\"$2a$10$gpaBjRm9IkVf3SOJs1H9X./1JcvJv1oNxN1f27xKQQMoiKqpl3rUi\",\"updated_at\":\"2023-07-27T08:40:45Z\"},\"GDFh1Ojls5UfUiZ30OfwmQ\":{\"token\":\"$2a$10$1A6T5OyQtB98TeFkl/p5e.e5sPcuecPaZqtT/aEbMaz7OBuKyweI6\",\"expiry\":1691657504,\"previous_token\":\"$2a$10$5Vs87Avc9KcrOSGbVTm5yeDhwGgNbZp9ttb6RMohVE2rTgwciF0ju\",\"updated_at\":\"2023-07-27T08:51:44Z\"}}', `users`.`updated_at` = '2023-07-27 08:51:44.330656' WHERE `users`.`id` = 1[0m
  [1m[36mTRANSACTION (1.6ms)[0m  [1m[35mCOMMIT[0m
Completed 200 OK in 354ms (Views: 0.2ms | ActiveRecord: 15.1ms | Allocations: 11940)


Started GET "/api/v1/auth/sessions" for 127.0.0.1 at 2023-07-27 17:53:41 +0900
Processing by Api::V1::Auth::SessionsController#index as */*
  Parameters: {"access-token"=>"[FILTERED]", "client"=>"GDFh1Ojls5UfUiZ30OfwmQ", "uid"=>"test@example.com", "session"=>{"access-token"=>"[FILTERED]", "client"=>"GDFh1Ojls5UfUiZ30OfwmQ", "uid"=>"test@example.com"}}
  [1m[36mUser Load (1.0ms)[0m  [1m[34mSELECT `users`.* FROM `users` WHERE `users`.`uid` = 'test@example.com' LIMIT 1[0m
  â†³ app/controllers/api/v1/auth/sessions_controller.rb:4:in `index'
Completed 500 Internal Server Error in 58ms (ActiveRecord: 1.0ms | Allocations: 722)


  
ActionDispatch::Request::Session::DisabledSessionError (Your application has sessions disabled. To write to the session you must first configure a session store):
  
app/controllers/api/v1/auth/sessions_controller.rb:4:in `index'
Started GET "/api/v1/auth/sessions" for 127.0.0.1 at 2023-07-27 17:54:12 +0900
Processing by Api::V1::Auth::SessionsController#index as */*
  Parameters: {"access-token"=>"[FILTERED]", "client"=>"GDFh1Ojls5UfUiZ30OfwmQ", "uid"=>"test@example.com", "session"=>{"access-token"=>"[FILTERED]", "client"=>"GDFh1Ojls5UfUiZ30OfwmQ", "uid"=>"test@example.com"}}
  [1m[36mUser Load (1.1ms)[0m  [1m[34mSELECT `users`.* FROM `users` WHERE `users`.`uid` = 'test@example.com' LIMIT 1[0m
  â†³ app/controllers/api/v1/auth/sessions_controller.rb:4:in `index'
Completed 500 Internal Server Error in 3ms (ActiveRecord: 1.1ms | Allocations: 701)


  
ActionDispatch::Request::Session::DisabledSessionError (Your application has sessions disabled. To write to the session you must first configure a session store):
  
app/controllers/api/v1/auth/sessions_controller.rb:4:in `index'
Started DELETE "/api/v1/auth/sign_out" for 127.0.0.1 at 2023-07-27 17:54:51 +0900
Processing by DeviseTokenAuth::SessionsController#destroy as */*
  Parameters: {"access-token"=>"[FILTERED]", "client"=>"GDFh1Ojls5UfUiZ30OfwmQ", "uid"=>"test@example.com", "session"=>{"access-token"=>"[FILTERED]", "client"=>"GDFh1Ojls5UfUiZ30OfwmQ", "uid"=>"test@example.com"}}
  [1m[36mUser Load (4.3ms)[0m  [1m[34mSELECT `users`.* FROM `users` WHERE `users`.`uid` = 'test@example.com' LIMIT 1[0m
Completed 500 Internal Server Error in 7ms (ActiveRecord: 4.3ms | Allocations: 1045)


  
ActionDispatch::Request::Session::DisabledSessionError (Your application has sessions disabled. To write to the session you must first configure a session store):
  
actionpack (7.0.6) lib/action_dispatch/request/session.rb:253:in `load_for_write!'
actionpack (7.0.6) lib/action_dispatch/request/session.rb:151:in `[]='
warden (1.2.9) lib/warden/session_serializer.rb:27:in `store'
devise (4.9.2) lib/devise/controllers/sign_in_out.rb:68:in `bypass_sign_in'
devise_token_auth (1.2.2) app/controllers/devise_token_auth/concerns/set_user_by_token.rb:90:in `set_user_by_token'
activesupport (7.0.6) lib/active_support/callbacks.rb:400:in `block in make_lambda'
activesupport (7.0.6) lib/active_support/callbacks.rb:180:in `block (2 levels) in halting_and_conditional'
actionpack (7.0.6) lib/abstract_controller/callbacks.rb:34:in `block (2 levels) in <module:Callbacks>'
activesupport (7.0.6) lib/active_support/callbacks.rb:181:in `block in halting_and_conditional'
activesupport (7.0.6) lib/active_support/callbacks.rb:595:in `block in invoke_before'
activesupport (7.0.6) lib/active_support/callbacks.rb:595:in `each'
activesupport (7.0.6) lib/active_support/callbacks.rb:595:in `invoke_before'
activesupport (7.0.6) lib/active_support/callbacks.rb:116:in `block in run_callbacks'
actiontext (7.0.6) lib/action_text/rendering.rb:20:in `with_renderer'
actiontext (7.0.6) lib/action_text/engine.rb:69:in `block (4 levels) in <class:Engine>'
activesupport (7.0.6) lib/active_support/callbacks.rb:127:in `instance_exec'
activesupport (7.0.6) lib/active_support/callbacks.rb:127:in `block in run_callbacks'
activesupport (7.0.6) lib/active_support/callbacks.rb:138:in `run_callbacks'
actionpack (7.0.6) lib/abstract_controller/callbacks.rb:233:in `process_action'
actionpack (7.0.6) lib/action_controller/metal/rescue.rb:23:in `process_action'
actionpack (7.0.6) lib/action_controller/metal/instrumentation.rb:67:in `block in process_action'
activesupport (7.0.6) lib/active_support/notifications.rb:206:in `block in instrument'
activesupport (7.0.6) lib/active_support/notifications/instrumenter.rb:24:in `instrument'
activesupport (7.0.6) lib/active_support/notifications.rb:206:in `instrument'
actionpack (7.0.6) lib/action_controller/metal/instrumentation.rb:66:in `process_action'
actionpack (7.0.6) lib/action_controller/metal/params_wrapper.rb:259:in `process_action'
activerecord (7.0.6) lib/active_record/railties/controller_runtime.rb:27:in `process_action'
actionpack (7.0.6) lib/abstract_controller/base.rb:151:in `process'
actionview (7.0.6) lib/action_view/rendering.rb:39:in `process'
actionpack (7.0.6) lib/action_controller/metal.rb:188:in `dispatch'
actionpack (7.0.6) lib/action_controller/metal.rb:251:in `dispatch'
actionpack (7.0.6) lib/action_dispatch/routing/route_set.rb:49:in `dispatch'
actionpack (7.0.6) lib/action_dispatch/routing/route_set.rb:32:in `serve'
actionpack (7.0.6) lib/action_dispatch/routing/mapper.rb:18:in `block in <class:Constraints>'
actionpack (7.0.6) lib/action_dispatch/routing/mapper.rb:48:in `serve'
actionpack (7.0.6) lib/action_dispatch/journey/router.rb:50:in `block in serve'
actionpack (7.0.6) lib/action_dispatch/journey/router.rb:32:in `each'
actionpack (7.0.6) lib/action_dispatch/journey/router.rb:32:in `serve'
actionpack (7.0.6) lib/action_dispatch/routing/route_set.rb:852:in `call'
warden (1.2.9) lib/warden/manager.rb:36:in `block in call'
warden (1.2.9) lib/warden/manager.rb:34:in `catch'
warden (1.2.9) lib/warden/manager.rb:34:in `call'
rack (2.2.7) lib/rack/etag.rb:27:in `call'
rack (2.2.7) lib/rack/conditional_get.rb:40:in `call'
rack (2.2.7) lib/rack/head.rb:12:in `call'
activerecord (7.0.6) lib/active_record/migration.rb:603:in `call'
actionpack (7.0.6) lib/action_dispatch/middleware/callbacks.rb:27:in `block in call'
activesupport (7.0.6) lib/active_support/callbacks.rb:99:in `run_callbacks'
actionpack (7.0.6) lib/action_dispatch/middleware/callbacks.rb:26:in `call'
actionpack (7.0.6) lib/action_dispatch/middleware/executor.rb:14:in `call'
actionpack (7.0.6) lib/action_dispatch/middleware/actionable_exceptions.rb:17:in `call'
actionpack (7.0.6) lib/action_dispatch/middleware/debug_exceptions.rb:28:in `call'
actionpack (7.0.6) lib/action_dispatch/middleware/show_exceptions.rb:29:in `call'
railties (7.0.6) lib/rails/rack/logger.rb:40:in `call_app'
railties (7.0.6) lib/rails/rack/logger.rb:25:in `block in call'
activesupport (7.0.6) lib/active_support/tagged_logging.rb:99:in `block in tagged'
activesupport (7.0.6) lib/active_support/tagged_logging.rb:37:in `tagged'
activesupport (7.0.6) lib/active_support/tagged_logging.rb:99:in `tagged'
railties (7.0.6) lib/rails/rack/logger.rb:25:in `call'
actionpack (7.0.6) lib/action_dispatch/middleware/remote_ip.rb:93:in `call'
actionpack (7.0.6) lib/action_dispatch/middleware/request_id.rb:26:in `call'
rack (2.2.7) lib/rack/runtime.rb:22:in `call'
activesupport (7.0.6) lib/active_support/cache/strategy/local_cache_middleware.rb:29:in `call'
actionpack (7.0.6) lib/action_dispatch/middleware/server_timing.rb:61:in `block in call'
actionpack (7.0.6) lib/action_dispatch/middleware/server_timing.rb:26:in `collect_events'
actionpack (7.0.6) lib/action_dispatch/middleware/server_timing.rb:60:in `call'
actionpack (7.0.6) lib/action_dispatch/middleware/executor.rb:14:in `call'
actionpack (7.0.6) lib/action_dispatch/middleware/static.rb:23:in `call'
rack (2.2.7) lib/rack/sendfile.rb:110:in `call'
actionpack (7.0.6) lib/action_dispatch/middleware/host_authorization.rb:137:in `call'
rack-cors (2.0.1) lib/rack/cors.rb:102:in `call'
railties (7.0.6) lib/rails/engine.rb:530:in `call'
puma (5.6.6) lib/puma/configuration.rb:252:in `call'
puma (5.6.6) lib/puma/request.rb:77:in `block in handle_request'
puma (5.6.6) lib/puma/thread_pool.rb:340:in `with_force_shutdown'
puma (5.6.6) lib/puma/request.rb:76:in `handle_request'
puma (5.6.6) lib/puma/server.rb:443:in `process_client'
puma (5.6.6) lib/puma/thread_pool.rb:147:in `block in spawn_thread'
Started DELETE "/api/v1/auth/sign_out" for 127.0.0.1 at 2023-07-27 18:01:24 +0900
Processing by DeviseTokenAuth::SessionsController#destroy as */*
  Parameters: {"access-token"=>"[FILTERED]", "client"=>"GDFh1Ojls5UfUiZ30OfwmQ", "uid"=>"test@example.com", "session"=>{"access-token"=>"[FILTERED]", "client"=>"GDFh1Ojls5UfUiZ30OfwmQ", "uid"=>"test@example.com"}}
  [1m[36mUser Load (5.8ms)[0m  [1m[34mSELECT `users`.* FROM `users` WHERE `users`.`uid` = 'test@example.com' LIMIT 1[0m
Completed 500 Internal Server Error in 17ms (ActiveRecord: 8.3ms | Allocations: 1186)


  
ActionDispatch::Request::Session::DisabledSessionError (Your application has sessions disabled. To write to the session you must first configure a session store):
  
actionpack (7.0.6) lib/action_dispatch/request/session.rb:253:in `load_for_write!'
actionpack (7.0.6) lib/action_dispatch/request/session.rb:151:in `[]='
warden (1.2.9) lib/warden/session_serializer.rb:27:in `store'
devise (4.9.2) lib/devise/controllers/sign_in_out.rb:68:in `bypass_sign_in'
devise_token_auth (1.2.2) app/controllers/devise_token_auth/concerns/set_user_by_token.rb:90:in `set_user_by_token'
activesupport (7.0.6) lib/active_support/callbacks.rb:400:in `block in make_lambda'
activesupport (7.0.6) lib/active_support/callbacks.rb:180:in `block (2 levels) in halting_and_conditional'
actionpack (7.0.6) lib/abstract_controller/callbacks.rb:34:in `block (2 levels) in <module:Callbacks>'
activesupport (7.0.6) lib/active_support/callbacks.rb:181:in `block in halting_and_conditional'
activesupport (7.0.6) lib/active_support/callbacks.rb:595:in `block in invoke_before'
activesupport (7.0.6) lib/active_support/callbacks.rb:595:in `each'
activesupport (7.0.6) lib/active_support/callbacks.rb:595:in `invoke_before'
activesupport (7.0.6) lib/active_support/callbacks.rb:116:in `block in run_callbacks'
actiontext (7.0.6) lib/action_text/rendering.rb:20:in `with_renderer'
actiontext (7.0.6) lib/action_text/engine.rb:69:in `block (4 levels) in <class:Engine>'
activesupport (7.0.6) lib/active_support/callbacks.rb:127:in `instance_exec'
activesupport (7.0.6) lib/active_support/callbacks.rb:127:in `block in run_callbacks'
activesupport (7.0.6) lib/active_support/callbacks.rb:138:in `run_callbacks'
actionpack (7.0.6) lib/abstract_controller/callbacks.rb:233:in `process_action'
actionpack (7.0.6) lib/action_controller/metal/rescue.rb:23:in `process_action'
actionpack (7.0.6) lib/action_controller/metal/instrumentation.rb:67:in `block in process_action'
activesupport (7.0.6) lib/active_support/notifications.rb:206:in `block in instrument'
activesupport (7.0.6) lib/active_support/notifications/instrumenter.rb:24:in `instrument'
activesupport (7.0.6) lib/active_support/notifications.rb:206:in `instrument'
actionpack (7.0.6) lib/action_controller/metal/instrumentation.rb:66:in `process_action'
actionpack (7.0.6) lib/action_controller/metal/params_wrapper.rb:259:in `process_action'
activerecord (7.0.6) lib/active_record/railties/controller_runtime.rb:27:in `process_action'
actionpack (7.0.6) lib/abstract_controller/base.rb:151:in `process'
actionview (7.0.6) lib/action_view/rendering.rb:39:in `process'
actionpack (7.0.6) lib/action_controller/metal.rb:188:in `dispatch'
actionpack (7.0.6) lib/action_controller/metal.rb:251:in `dispatch'
actionpack (7.0.6) lib/action_dispatch/routing/route_set.rb:49:in `dispatch'
actionpack (7.0.6) lib/action_dispatch/routing/route_set.rb:32:in `serve'
actionpack (7.0.6) lib/action_dispatch/routing/mapper.rb:18:in `block in <class:Constraints>'
actionpack (7.0.6) lib/action_dispatch/routing/mapper.rb:48:in `serve'
actionpack (7.0.6) lib/action_dispatch/journey/router.rb:50:in `block in serve'
actionpack (7.0.6) lib/action_dispatch/journey/router.rb:32:in `each'
actionpack (7.0.6) lib/action_dispatch/journey/router.rb:32:in `serve'
actionpack (7.0.6) lib/action_dispatch/routing/route_set.rb:852:in `call'
warden (1.2.9) lib/warden/manager.rb:36:in `block in call'
warden (1.2.9) lib/warden/manager.rb:34:in `catch'
warden (1.2.9) lib/warden/manager.rb:34:in `call'
rack (2.2.7) lib/rack/etag.rb:27:in `call'
rack (2.2.7) lib/rack/conditional_get.rb:40:in `call'
rack (2.2.7) lib/rack/head.rb:12:in `call'
activerecord (7.0.6) lib/active_record/migration.rb:603:in `call'
actionpack (7.0.6) lib/action_dispatch/middleware/callbacks.rb:27:in `block in call'
activesupport (7.0.6) lib/active_support/callbacks.rb:99:in `run_callbacks'
actionpack (7.0.6) lib/action_dispatch/middleware/callbacks.rb:26:in `call'
actionpack (7.0.6) lib/action_dispatch/middleware/executor.rb:14:in `call'
actionpack (7.0.6) lib/action_dispatch/middleware/actionable_exceptions.rb:17:in `call'
actionpack (7.0.6) lib/action_dispatch/middleware/debug_exceptions.rb:28:in `call'
actionpack (7.0.6) lib/action_dispatch/middleware/show_exceptions.rb:29:in `call'
railties (7.0.6) lib/rails/rack/logger.rb:40:in `call_app'
railties (7.0.6) lib/rails/rack/logger.rb:25:in `block in call'
activesupport (7.0.6) lib/active_support/tagged_logging.rb:99:in `block in tagged'
activesupport (7.0.6) lib/active_support/tagged_logging.rb:37:in `tagged'
activesupport (7.0.6) lib/active_support/tagged_logging.rb:99:in `tagged'
railties (7.0.6) lib/rails/rack/logger.rb:25:in `call'
actionpack (7.0.6) lib/action_dispatch/middleware/remote_ip.rb:93:in `call'
actionpack (7.0.6) lib/action_dispatch/middleware/request_id.rb:26:in `call'
rack (2.2.7) lib/rack/runtime.rb:22:in `call'
activesupport (7.0.6) lib/active_support/cache/strategy/local_cache_middleware.rb:29:in `call'
actionpack (7.0.6) lib/action_dispatch/middleware/server_timing.rb:61:in `block in call'
actionpack (7.0.6) lib/action_dispatch/middleware/server_timing.rb:26:in `collect_events'
actionpack (7.0.6) lib/action_dispatch/middleware/server_timing.rb:60:in `call'
actionpack (7.0.6) lib/action_dispatch/middleware/executor.rb:14:in `call'
actionpack (7.0.6) lib/action_dispatch/middleware/static.rb:23:in `call'
rack (2.2.7) lib/rack/sendfile.rb:110:in `call'
actionpack (7.0.6) lib/action_dispatch/middleware/host_authorization.rb:137:in `call'
rack-cors (2.0.1) lib/rack/cors.rb:102:in `call'
railties (7.0.6) lib/rails/engine.rb:530:in `call'
puma (5.6.6) lib/puma/configuration.rb:252:in `call'
puma (5.6.6) lib/puma/request.rb:77:in `block in handle_request'
puma (5.6.6) lib/puma/thread_pool.rb:340:in `with_force_shutdown'
puma (5.6.6) lib/puma/request.rb:76:in `handle_request'
puma (5.6.6) lib/puma/server.rb:443:in `process_client'
puma (5.6.6) lib/puma/thread_pool.rb:147:in `block in spawn_thread'
Started GET "/" for ::1 at 2023-07-27 18:08:56 +0900
  [1m[36mActiveRecord::SchemaMigration Pluck (1.9ms)[0m  [1m[34mSELECT `schema_migrations`.`version` FROM `schema_migrations` ORDER BY `schema_migrations`.`version` ASC[0m
Processing by Rails::WelcomeController#index as HTML
  Rendering /Users/cyrano/.rbenv/versions/3.1.1/lib/ruby/gems/3.1.0/gems/railties-7.0.6/lib/rails/templates/rails/welcome/index.html.erb
  Rendered /Users/cyrano/.rbenv/versions/3.1.1/lib/ruby/gems/3.1.0/gems/railties-7.0.6/lib/rails/templates/rails/welcome/index.html.erb (Duration: 2.6ms | Allocations: 527)
Completed 200 OK in 31ms (Views: 9.1ms | ActiveRecord: 0.0ms | Allocations: 6230)


Started POST "/api/v1/auth/sign_in" for 127.0.0.1 at 2023-07-27 18:09:01 +0900
Processing by DeviseTokenAuth::SessionsController#create as */*
  Parameters: {"email"=>"test@example.com", "password"=>"[FILTERED]", "session"=>{"email"=>"test@example.com", "password"=>"[FILTERED]"}}
[31mUnpermitted parameter: :session. Context: { controller: DeviseTokenAuth::SessionsController, action: create, request: #<ActionDispatch::Request:0x0000000111ede1f0>, params: {"email"=>"test@example.com", "password"=>"[FILTERED]", "controller"=>"devise_token_auth/sessions", "action"=>"create", "session"=>{"email"=>"test@example.com", "password"=>"[FILTERED]"}} }[0m
[31mUnpermitted parameter: :session. Context: { controller: DeviseTokenAuth::SessionsController, action: create, request: #<ActionDispatch::Request:0x0000000111ede1f0>, params: {"email"=>"test@example.com", "password"=>"[FILTERED]", "controller"=>"devise_token_auth/sessions", "action"=>"create", "session"=>{"email"=>"test@example.com", "password"=>"[FILTERED]"}} }[0m
  [1m[36mUser Load (0.6ms)[0m  [1m[34mSELECT `users`.* FROM `users` WHERE (BINARY `email` = 'test@example.com' AND provider= 'email') ORDER BY `users`.`id` ASC LIMIT 1[0m
[31mUnpermitted parameter: :session. Context: { controller: DeviseTokenAuth::SessionsController, action: create, request: #<ActionDispatch::Request:0x0000000111ede1f0>, params: {"email"=>"test@example.com", "password"=>"[FILTERED]", "controller"=>"devise_token_auth/sessions", "action"=>"create", "session"=>{"email"=>"test@example.com", "password"=>"[FILTERED]"}} }[0m
[31mUnpermitted parameter: :session. Context: { controller: DeviseTokenAuth::SessionsController, action: create, request: #<ActionDispatch::Request:0x0000000111ede1f0>, params: {"email"=>"test@example.com", "password"=>"[FILTERED]", "controller"=>"devise_token_auth/sessions", "action"=>"create", "session"=>{"email"=>"test@example.com", "password"=>"[FILTERED]"}} }[0m
  [1m[36mTRANSACTION (0.2ms)[0m  [1m[35mBEGIN[0m
  [1m[36mUser Load (0.3ms)[0m  [1m[37mSELECT `users`.* FROM `users` WHERE `users`.`id` = 1 LIMIT 1 FOR UPDATE[0m
  [1m[36mUser Update (1.9ms)[0m  [1m[33mUPDATE `users` SET `users`.`tokens` = '{\"CReaKuEqvuxxpBuFP5-afQ\":{\"token\":\"$2a$10$6EJhi75l348/N4lB7crZ8Ou3ALRutvVgMRRG6wxvA7e/2ezlH4ykq\",\"expiry\":1691656352,\"previous_token\":\"$2a$10$ZRL3Gpo6M3ygEUHv4DQkCekEShrDJSoHjnEkPQc7kLi4MUkd7.882\",\"updated_at\":\"2023-07-27T08:32:32Z\"},\"ASh_wX_3_pwqCrK-Ou_0CA\":{\"token\":\"$2a$10$MY0uCiD275tnOkOVwp25OOotGevFv7zLvViKq4XqZioW2eW7LQPoq\",\"expiry\":1691656845,\"previous_token\":\"$2a$10$gpaBjRm9IkVf3SOJs1H9X./1JcvJv1oNxN1f27xKQQMoiKqpl3rUi\",\"updated_at\":\"2023-07-27T08:40:45Z\"},\"GDFh1Ojls5UfUiZ30OfwmQ\":{\"token\":\"$2a$10$1A6T5OyQtB98TeFkl/p5e.e5sPcuecPaZqtT/aEbMaz7OBuKyweI6\",\"expiry\":1691657504,\"previous_token\":\"$2a$10$5Vs87Avc9KcrOSGbVTm5yeDhwGgNbZp9ttb6RMohVE2rTgwciF0ju\",\"updated_at\":\"2023-07-27T08:51:44Z\"},\"wU3cnHTg0Ev7WC6cJWML8w\":{\"token\":\"$2a$10$LsL21kb5wYxnOYNEQsVY3OlH23DjaUpFG7z0OQQEbDF0rLYMu3XTq\",\"expiry\":1691658541}}', `users`.`updated_at` = '2023-07-27 09:09:01.585966' WHERE `users`.`id` = 1[0m
  [1m[36mTRANSACTION (2.6ms)[0m  [1m[35mCOMMIT[0m
  [1m[36mUser Load (1.0ms)[0m  [1m[34mSELECT `users`.* FROM `users` WHERE `users`.`id` = 1 LIMIT 1[0m
Completed 200 OK in 325ms (Views: 0.3ms | ActiveRecord: 16.9ms | Allocations: 23156)


Started GET "/api/v1/auth/sessions" for 127.0.0.1 at 2023-07-27 18:10:23 +0900
Processing by Api::V1::Auth::SessionsController#index as */*
  Parameters: {"access-token"=>"[FILTERED]", "client"=>"wU3cnHTg0Ev7WC6cJWML8w", "uid"=>"test@example.com", "session"=>{"access-token"=>"[FILTERED]", "client"=>"wU3cnHTg0Ev7WC6cJWML8w", "uid"=>"test@example.com"}}
  [1m[36mUser Load (2.6ms)[0m  [1m[34mSELECT `users`.* FROM `users` WHERE `users`.`uid` = 'test@example.com' LIMIT 1[0m
  â†³ app/controllers/api/v1/auth/sessions_controller.rb:4:in `index'
  [1m[36mUser Load (1.5ms)[0m  [1m[34mSELECT `users`.* FROM `users` WHERE `users`.`id` = 1 LIMIT 1[0m
Completed 200 OK in 67ms (Views: 0.9ms | ActiveRecord: 4.1ms | Allocations: 3346)


Started DELETE "/api/v1/auth/sign_out" for 127.0.0.1 at 2023-07-27 18:12:41 +0900
Processing by DeviseTokenAuth::SessionsController#destroy as */*
  Parameters: {"access-token"=>"[FILTERED]", "client"=>"wU3cnHTg0Ev7WC6cJWML8w", "uid"=>"test@example.com", "session"=>{"access-token"=>"[FILTERED]", "client"=>"wU3cnHTg0Ev7WC6cJWML8w", "uid"=>"test@example.com"}}
  [1m[36mUser Load (0.4ms)[0m  [1m[34mSELECT `users`.* FROM `users` WHERE `users`.`uid` = 'test@example.com' LIMIT 1[0m
  [1m[36mTRANSACTION (0.1ms)[0m  [1m[35mBEGIN[0m
  [1m[36mUser Update (1.8ms)[0m  [1m[33mUPDATE `users` SET `users`.`tokens` = '{\"CReaKuEqvuxxpBuFP5-afQ\":{\"token\":\"$2a$10$6EJhi75l348/N4lB7crZ8Ou3ALRutvVgMRRG6wxvA7e/2ezlH4ykq\",\"expiry\":1691656352,\"previous_token\":\"$2a$10$ZRL3Gpo6M3ygEUHv4DQkCekEShrDJSoHjnEkPQc7kLi4MUkd7.882\",\"updated_at\":\"2023-07-27T08:32:32Z\"},\"ASh_wX_3_pwqCrK-Ou_0CA\":{\"token\":\"$2a$10$MY0uCiD275tnOkOVwp25OOotGevFv7zLvViKq4XqZioW2eW7LQPoq\",\"expiry\":1691656845,\"previous_token\":\"$2a$10$gpaBjRm9IkVf3SOJs1H9X./1JcvJv1oNxN1f27xKQQMoiKqpl3rUi\",\"updated_at\":\"2023-07-27T08:40:45Z\"},\"GDFh1Ojls5UfUiZ30OfwmQ\":{\"token\":\"$2a$10$1A6T5OyQtB98TeFkl/p5e.e5sPcuecPaZqtT/aEbMaz7OBuKyweI6\",\"expiry\":1691657504,\"previous_token\":\"$2a$10$5Vs87Avc9KcrOSGbVTm5yeDhwGgNbZp9ttb6RMohVE2rTgwciF0ju\",\"updated_at\":\"2023-07-27T08:51:44Z\"}}', `users`.`updated_at` = '2023-07-27 09:12:41.925022' WHERE `users`.`id` = 1[0m
  [1m[36mTRANSACTION (1.3ms)[0m  [1m[35mCOMMIT[0m
Completed 200 OK in 10ms (Views: 0.1ms | ActiveRecord: 3.7ms | Allocations: 4504)


  [1m[35m (0.4ms)[0m  [1m[34mSELECT GET_LOCK('5073945470573576205', 0)[0m
  [1m[36mActiveRecord::SchemaMigration Pluck (2.5ms)[0m  [1m[34mSELECT `schema_migrations`.`version` FROM `schema_migrations` ORDER BY `schema_migrations`.`version` ASC[0m
Migrating to CreateChinchillas (20230729151948)
  [1m[35m (144.6ms)[0m  [1m[35mCREATE TABLE `chinchillas` (`id` bigint NOT NULL AUTO_INCREMENT PRIMARY KEY, `chinchilla_name` varchar(15) NOT NULL, `chinchilla_sex` varchar(255) NOT NULL, `chinchilla_birthday` date, `chinchilla_met_day` date, `chinchilla_memo` tinytext, `chinchilla_image` varchar(255), `user_id` bigint, `created_at` datetime(6) NOT NULL, `updated_at` datetime(6) NOT NULL, INDEX `index_chinchillas_on_user_id` (`user_id`), CONSTRAINT `fk_rails_0273e11fbd`
FOREIGN KEY (`user_id`)
  REFERENCES `users` (`id`)
)[0m
  [1m[36mTRANSACTION (0.8ms)[0m  [1m[35mBEGIN[0m
  [1m[36mActiveRecord::SchemaMigration Create (0.3ms)[0m  [1m[32mINSERT INTO `schema_migrations` (`version`) VALUES ('20230729151948')[0m
  [1m[36mTRANSACTION (0.4ms)[0m  [1m[35mCOMMIT[0m
  [1m[36mActiveRecord::InternalMetadata Load (3.1ms)[0m  [1m[34mSELECT `ar_internal_metadata`.* FROM `ar_internal_metadata` WHERE `ar_internal_metadata`.`key` = 'environment' LIMIT 1[0m
  [1m[35m (0.2ms)[0m  [1m[34mSELECT RELEASE_LOCK('5073945470573576205')[0m
  [1m[36mActiveRecord::SchemaMigration Pluck (0.7ms)[0m  [1m[34mSELECT `schema_migrations`.`version` FROM `schema_migrations` ORDER BY `schema_migrations`.`version` ASC[0m
Started GET "/" for ::1 at 2023-07-30 17:12:29 +0900
  [1m[36mActiveRecord::SchemaMigration Pluck (1.2ms)[0m  [1m[34mSELECT `schema_migrations`.`version` FROM `schema_migrations` ORDER BY `schema_migrations`.`version` ASC[0m
Processing by Rails::WelcomeController#index as HTML
  Rendering /Users/cyrano/.rbenv/versions/3.1.1/lib/ruby/gems/3.1.0/gems/railties-7.0.6/lib/rails/templates/rails/welcome/index.html.erb
  Rendered /Users/cyrano/.rbenv/versions/3.1.1/lib/ruby/gems/3.1.0/gems/railties-7.0.6/lib/rails/templates/rails/welcome/index.html.erb (Duration: 5.7ms | Allocations: 527)
Completed 200 OK in 46ms (Views: 10.8ms | ActiveRecord: 0.0ms | Allocations: 6622)


Started POST "/api/v1/auth/sign_in" for ::1 at 2023-07-30 17:22:35 +0900
Processing by DeviseTokenAuth::SessionsController#create as HTML
  Parameters: {"email"=>"test@email.com", "password"=>"[FILTERED]", "session"=>{"email"=>"test@email.com", "password"=>"[FILTERED]"}}
[31mUnpermitted parameter: :session. Context: { controller: DeviseTokenAuth::SessionsController, action: create, request: #<ActionDispatch::Request:0x0000000114319510>, params: {"email"=>"test@email.com", "password"=>"[FILTERED]", "controller"=>"devise_token_auth/sessions", "action"=>"create", "session"=>{"email"=>"test@email.com", "password"=>"[FILTERED]"}} }[0m
[31mUnpermitted parameter: :session. Context: { controller: DeviseTokenAuth::SessionsController, action: create, request: #<ActionDispatch::Request:0x0000000114319510>, params: {"email"=>"test@email.com", "password"=>"[FILTERED]", "controller"=>"devise_token_auth/sessions", "action"=>"create", "session"=>{"email"=>"test@email.com", "password"=>"[FILTERED]"}} }[0m
  [1m[36mUser Load (6.1ms)[0m  [1m[34mSELECT `users`.* FROM `users` WHERE (BINARY `email` = 'test@email.com' AND provider= 'email') ORDER BY `users`.`id` ASC LIMIT 1[0m
[31mUnpermitted parameter: :session. Context: { controller: DeviseTokenAuth::SessionsController, action: create, request: #<ActionDispatch::Request:0x0000000114319510>, params: {"email"=>"test@email.com", "password"=>"[FILTERED]", "controller"=>"devise_token_auth/sessions", "action"=>"create", "session"=>{"email"=>"test@email.com", "password"=>"[FILTERED]"}} }[0m
[31mUnpermitted parameter: :session. Context: { controller: DeviseTokenAuth::SessionsController, action: create, request: #<ActionDispatch::Request:0x0000000114319510>, params: {"email"=>"test@email.com", "password"=>"[FILTERED]", "controller"=>"devise_token_auth/sessions", "action"=>"create", "session"=>{"email"=>"test@email.com", "password"=>"[FILTERED]"}} }[0m
  [1m[36mTRANSACTION (0.3ms)[0m  [1m[35mBEGIN[0m
  [1m[36mUser Load (1.1ms)[0m  [1m[37mSELECT `users`.* FROM `users` WHERE `users`.`id` = 2 LIMIT 1 FOR UPDATE[0m
  [1m[36mUser Update (7.6ms)[0m  [1m[33mUPDATE `users` SET `users`.`tokens` = '{\"rdC4z3I96I_mwPSF_V1qKg\":{\"token\":\"$2a$10$cq9OQx8.drztMnk0Y0CuwOEULfJaFG0/Hzt89cq9iiTi/NoaFtGPC\",\"expiry\":1691682271},\"VMgc_0yE3geEp1VjnDyT7w\":{\"token\":\"$2a$10$QDZbO27pWH57iQwsUY.j.uFM4BIIXxuAZnqdO9vwbOKDd6Rx3F9E.\",\"expiry\":1691683330},\"g4zh_aOk5GAI4frPr2M-Yw\":{\"token\":\"$2a$10$y6eaBLSnjOn6xIhAQevh0eX8UhEj3nxY2vNY81YPQB5GPr4Zi.Lj2\",\"expiry\":1691831650},\"9FFQU4m8IrphRQVoXuW48w\":{\"token\":\"$2a$10$GNqCOCR8GeQ5EmJTujLI3uaCPwRXUhy/J/Iwf6MZzi/Gk503Soxjm\",\"expiry\":1691914956}}', `users`.`updated_at` = '2023-07-30 08:22:36.093214' WHERE `users`.`id` = 2[0m
  [1m[36mTRANSACTION (2.8ms)[0m  [1m[35mCOMMIT[0m
  [1m[36mUser Load (0.4ms)[0m  [1m[34mSELECT `users`.* FROM `users` WHERE `users`.`id` = 2 LIMIT 1[0m
Completed 200 OK in 408ms (Views: 1.0ms | ActiveRecord: 55.5ms | Allocations: 22418)


Started DELETE "/api/v1/auth/sign_out" for ::1 at 2023-07-30 17:23:44 +0900
Processing by DeviseTokenAuth::SessionsController#destroy as HTML
  [1m[36mUser Load (1.4ms)[0m  [1m[34mSELECT `users`.* FROM `users` WHERE `users`.`uid` = 'test@email.com' LIMIT 1[0m
  [1m[36mTRANSACTION (0.2ms)[0m  [1m[35mBEGIN[0m
  [1m[36mUser Update (3.4ms)[0m  [1m[33mUPDATE `users` SET `users`.`tokens` = '{\"rdC4z3I96I_mwPSF_V1qKg\":{\"token\":\"$2a$10$cq9OQx8.drztMnk0Y0CuwOEULfJaFG0/Hzt89cq9iiTi/NoaFtGPC\",\"expiry\":1691682271},\"VMgc_0yE3geEp1VjnDyT7w\":{\"token\":\"$2a$10$QDZbO27pWH57iQwsUY.j.uFM4BIIXxuAZnqdO9vwbOKDd6Rx3F9E.\",\"expiry\":1691683330},\"g4zh_aOk5GAI4frPr2M-Yw\":{\"token\":\"$2a$10$y6eaBLSnjOn6xIhAQevh0eX8UhEj3nxY2vNY81YPQB5GPr4Zi.Lj2\",\"expiry\":1691831650}}', `users`.`updated_at` = '2023-07-30 08:23:44.710870' WHERE `users`.`id` = 2[0m
  [1m[36mTRANSACTION (2.0ms)[0m  [1m[35mCOMMIT[0m
Completed 200 OK in 67ms (Views: 0.2ms | ActiveRecord: 7.1ms | Allocations: 4717)


Started POST "/api/v1/auth/sign_in" for ::1 at 2023-07-30 17:23:56 +0900
Processing by DeviseTokenAuth::SessionsController#create as HTML
  Parameters: {"email"=>"test@email.com", "password"=>"[FILTERED]", "session"=>{"email"=>"test@email.com", "password"=>"[FILTERED]"}}
[31mUnpermitted parameter: :session. Context: { controller: DeviseTokenAuth::SessionsController, action: create, request: #<ActionDispatch::Request:0x00000001145eaf78>, params: {"email"=>"test@email.com", "password"=>"[FILTERED]", "controller"=>"devise_token_auth/sessions", "action"=>"create", "session"=>{"email"=>"test@email.com", "password"=>"[FILTERED]"}} }[0m
[31mUnpermitted parameter: :session. Context: { controller: DeviseTokenAuth::SessionsController, action: create, request: #<ActionDispatch::Request:0x00000001145eaf78>, params: {"email"=>"test@email.com", "password"=>"[FILTERED]", "controller"=>"devise_token_auth/sessions", "action"=>"create", "session"=>{"email"=>"test@email.com", "password"=>"[FILTERED]"}} }[0m
  [1m[36mUser Load (1.3ms)[0m  [1m[34mSELECT `users`.* FROM `users` WHERE (BINARY `email` = 'test@email.com' AND provider= 'email') ORDER BY `users`.`id` ASC LIMIT 1[0m
[31mUnpermitted parameter: :session. Context: { controller: DeviseTokenAuth::SessionsController, action: create, request: #<ActionDispatch::Request:0x00000001145eaf78>, params: {"email"=>"test@email.com", "password"=>"[FILTERED]", "controller"=>"devise_token_auth/sessions", "action"=>"create", "session"=>{"email"=>"test@email.com", "password"=>"[FILTERED]"}} }[0m
[31mUnpermitted parameter: :session. Context: { controller: DeviseTokenAuth::SessionsController, action: create, request: #<ActionDispatch::Request:0x00000001145eaf78>, params: {"email"=>"test@email.com", "password"=>"[FILTERED]", "controller"=>"devise_token_auth/sessions", "action"=>"create", "session"=>{"email"=>"test@email.com", "password"=>"[FILTERED]"}} }[0m
  [1m[36mTRANSACTION (0.3ms)[0m  [1m[35mBEGIN[0m
  [1m[36mUser Load (0.6ms)[0m  [1m[37mSELECT `users`.* FROM `users` WHERE `users`.`id` = 2 LIMIT 1 FOR UPDATE[0m
  [1m[36mUser Update (1.8ms)[0m  [1m[33mUPDATE `users` SET `users`.`tokens` = '{\"rdC4z3I96I_mwPSF_V1qKg\":{\"token\":\"$2a$10$cq9OQx8.drztMnk0Y0CuwOEULfJaFG0/Hzt89cq9iiTi/NoaFtGPC\",\"expiry\":1691682271},\"VMgc_0yE3geEp1VjnDyT7w\":{\"token\":\"$2a$10$QDZbO27pWH57iQwsUY.j.uFM4BIIXxuAZnqdO9vwbOKDd6Rx3F9E.\",\"expiry\":1691683330},\"g4zh_aOk5GAI4frPr2M-Yw\":{\"token\":\"$2a$10$y6eaBLSnjOn6xIhAQevh0eX8UhEj3nxY2vNY81YPQB5GPr4Zi.Lj2\",\"expiry\":1691831650},\"SV44F3a2vqGTbvwCjthKFw\":{\"token\":\"$2a$10$vqGRHaRRyThjo4GrBeE3H.U9Y6I/HBflD4ieVpJJ343TH41pE.IkG\",\"expiry\":1691915036}}', `users`.`updated_at` = '2023-07-30 08:23:56.790235' WHERE `users`.`id` = 2[0m
  [1m[36mTRANSACTION (1.0ms)[0m  [1m[35mCOMMIT[0m
  [1m[36mUser Load (2.5ms)[0m  [1m[34mSELECT `users`.* FROM `users` WHERE `users`.`id` = 2 LIMIT 1[0m
Completed 200 OK in 306ms (Views: 0.4ms | ActiveRecord: 7.5ms | Allocations: 7656)


Started POST "/api/v1/auth/sign_in" for ::1 at 2023-07-30 17:51:55 +0900
Processing by DeviseTokenAuth::SessionsController#create as HTML
  Parameters: {"email"=>"test@email.com", "password"=>"[FILTERED]", "session"=>{"email"=>"test@email.com", "password"=>"[FILTERED]"}}
[31mUnpermitted parameter: :session. Context: { controller: DeviseTokenAuth::SessionsController, action: create, request: #<ActionDispatch::Request:0x0000000114702618>, params: {"email"=>"test@email.com", "password"=>"[FILTERED]", "controller"=>"devise_token_auth/sessions", "action"=>"create", "session"=>{"email"=>"test@email.com", "password"=>"[FILTERED]"}} }[0m
[31mUnpermitted parameter: :session. Context: { controller: DeviseTokenAuth::SessionsController, action: create, request: #<ActionDispatch::Request:0x0000000114702618>, params: {"email"=>"test@email.com", "password"=>"[FILTERED]", "controller"=>"devise_token_auth/sessions", "action"=>"create", "session"=>{"email"=>"test@email.com", "password"=>"[FILTERED]"}} }[0m
  [1m[36mUser Load (3.9ms)[0m  [1m[34mSELECT `users`.* FROM `users` WHERE (BINARY `email` = 'test@email.com' AND provider= 'email') ORDER BY `users`.`id` ASC LIMIT 1[0m
[31mUnpermitted parameter: :session. Context: { controller: DeviseTokenAuth::SessionsController, action: create, request: #<ActionDispatch::Request:0x0000000114702618>, params: {"email"=>"test@email.com", "password"=>"[FILTERED]", "controller"=>"devise_token_auth/sessions", "action"=>"create", "session"=>{"email"=>"test@email.com", "password"=>"[FILTERED]"}} }[0m
[31mUnpermitted parameter: :session. Context: { controller: DeviseTokenAuth::SessionsController, action: create, request: #<ActionDispatch::Request:0x0000000114702618>, params: {"email"=>"test@email.com", "password"=>"[FILTERED]", "controller"=>"devise_token_auth/sessions", "action"=>"create", "session"=>{"email"=>"test@email.com", "password"=>"[FILTERED]"}} }[0m
  [1m[36mTRANSACTION (0.2ms)[0m  [1m[35mBEGIN[0m
  [1m[36mUser Load (3.4ms)[0m  [1m[37mSELECT `users`.* FROM `users` WHERE `users`.`id` = 2 LIMIT 1 FOR UPDATE[0m
  [1m[36mUser Update (2.7ms)[0m  [1m[33mUPDATE `users` SET `users`.`tokens` = '{\"rdC4z3I96I_mwPSF_V1qKg\":{\"token\":\"$2a$10$cq9OQx8.drztMnk0Y0CuwOEULfJaFG0/Hzt89cq9iiTi/NoaFtGPC\",\"expiry\":1691682271},\"VMgc_0yE3geEp1VjnDyT7w\":{\"token\":\"$2a$10$QDZbO27pWH57iQwsUY.j.uFM4BIIXxuAZnqdO9vwbOKDd6Rx3F9E.\",\"expiry\":1691683330},\"g4zh_aOk5GAI4frPr2M-Yw\":{\"token\":\"$2a$10$y6eaBLSnjOn6xIhAQevh0eX8UhEj3nxY2vNY81YPQB5GPr4Zi.Lj2\",\"expiry\":1691831650},\"SV44F3a2vqGTbvwCjthKFw\":{\"token\":\"$2a$10$vqGRHaRRyThjo4GrBeE3H.U9Y6I/HBflD4ieVpJJ343TH41pE.IkG\",\"expiry\":1691915036},\"yphJZKQVnUfsRzEwfDOyhQ\":{\"token\":\"$2a$10$0M2OU7dIYYda9aFC9Ttq7ejfSe3vIywIX2dEdi4.3ZnEkiy52Gtby\",\"expiry\":1691916715}}', `users`.`updated_at` = '2023-07-30 08:51:55.833970' WHERE `users`.`id` = 2[0m
  [1m[36mTRANSACTION (3.0ms)[0m  [1m[35mCOMMIT[0m
  [1m[36mUser Load (1.2ms)[0m  [1m[34mSELECT `users`.* FROM `users` WHERE `users`.`id` = 2 LIMIT 1[0m
Completed 200 OK in 323ms (Views: 1.0ms | ActiveRecord: 17.1ms | Allocations: 7863)


Started POST "/api/v1/chinchillas" for ::1 at 2023-07-30 18:13:17 +0900
Processing by Api::V1::ChinchillasController#create as HTML
  Parameters: {"chinchilla_name"=>"ãƒãƒ³ãƒãƒ§", "chinchilla_sex"=>"ã‚ªã‚¹", "chinchilla_birthday"=>"2021-11-22", "chinchilla_met_day"=>"2022-04-09", "chinchilla"=>{"chinchilla_name"=>"ãƒãƒ³ãƒãƒ§", "chinchilla_sex"=>"ã‚ªã‚¹", "chinchilla_birthday"=>"2021-11-22", "chinchilla_met_day"=>"2022-04-09"}}
Completed 500 Internal Server Error in 16ms (ActiveRecord: 20.9ms | Allocations: 6176)


  
NoMethodError (undefined method `authenticate_user!' for #<Api::V1::ChinchillasController:0x0000000000b4a0>

              target.send(@method_name, &block)
                    ^^^^^
Did you mean?  authenticate_api_v1_user!):
  
activesupport (7.0.6) lib/active_support/callbacks.rb:400:in `block in make_lambda'
activesupport (7.0.6) lib/active_support/callbacks.rb:199:in `block (2 levels) in halting'
actionpack (7.0.6) lib/abstract_controller/callbacks.rb:34:in `block (2 levels) in <module:Callbacks>'
activesupport (7.0.6) lib/active_support/callbacks.rb:200:in `block in halting'
activesupport (7.0.6) lib/active_support/callbacks.rb:595:in `block in invoke_before'
activesupport (7.0.6) lib/active_support/callbacks.rb:595:in `each'
activesupport (7.0.6) lib/active_support/callbacks.rb:595:in `invoke_before'
activesupport (7.0.6) lib/active_support/callbacks.rb:116:in `block in run_callbacks'
actiontext (7.0.6) lib/action_text/rendering.rb:20:in `with_renderer'
actiontext (7.0.6) lib/action_text/engine.rb:69:in `block (4 levels) in <class:Engine>'
activesupport (7.0.6) lib/active_support/callbacks.rb:127:in `instance_exec'
activesupport (7.0.6) lib/active_support/callbacks.rb:127:in `block in run_callbacks'
activesupport (7.0.6) lib/active_support/callbacks.rb:138:in `run_callbacks'
actionpack (7.0.6) lib/abstract_controller/callbacks.rb:233:in `process_action'
actionpack (7.0.6) lib/action_controller/metal/rescue.rb:23:in `process_action'
actionpack (7.0.6) lib/action_controller/metal/instrumentation.rb:67:in `block in process_action'
activesupport (7.0.6) lib/active_support/notifications.rb:206:in `block in instrument'
activesupport (7.0.6) lib/active_support/notifications/instrumenter.rb:24:in `instrument'
activesupport (7.0.6) lib/active_support/notifications.rb:206:in `instrument'
actionpack (7.0.6) lib/action_controller/metal/instrumentation.rb:66:in `process_action'
actionpack (7.0.6) lib/action_controller/metal/params_wrapper.rb:259:in `process_action'
activerecord (7.0.6) lib/active_record/railties/controller_runtime.rb:27:in `process_action'
actionpack (7.0.6) lib/abstract_controller/base.rb:151:in `process'
actionview (7.0.6) lib/action_view/rendering.rb:39:in `process'
actionpack (7.0.6) lib/action_controller/metal.rb:188:in `dispatch'
actionpack (7.0.6) lib/action_controller/metal.rb:251:in `dispatch'
actionpack (7.0.6) lib/action_dispatch/routing/route_set.rb:49:in `dispatch'
actionpack (7.0.6) lib/action_dispatch/routing/route_set.rb:32:in `serve'
actionpack (7.0.6) lib/action_dispatch/journey/router.rb:50:in `block in serve'
actionpack (7.0.6) lib/action_dispatch/journey/router.rb:32:in `each'
actionpack (7.0.6) lib/action_dispatch/journey/router.rb:32:in `serve'
actionpack (7.0.6) lib/action_dispatch/routing/route_set.rb:852:in `call'
rack (2.2.7) lib/rack/session/abstract/id.rb:266:in `context'
rack (2.2.7) lib/rack/session/abstract/id.rb:260:in `call'
actionpack (7.0.6) lib/action_dispatch/middleware/cookies.rb:704:in `call'
warden (1.2.9) lib/warden/manager.rb:36:in `block in call'
warden (1.2.9) lib/warden/manager.rb:34:in `catch'
warden (1.2.9) lib/warden/manager.rb:34:in `call'
rack (2.2.7) lib/rack/etag.rb:27:in `call'
rack (2.2.7) lib/rack/conditional_get.rb:40:in `call'
rack (2.2.7) lib/rack/head.rb:12:in `call'
activerecord (7.0.6) lib/active_record/migration.rb:603:in `call'
actionpack (7.0.6) lib/action_dispatch/middleware/callbacks.rb:27:in `block in call'
activesupport (7.0.6) lib/active_support/callbacks.rb:99:in `run_callbacks'
actionpack (7.0.6) lib/action_dispatch/middleware/callbacks.rb:26:in `call'
actionpack (7.0.6) lib/action_dispatch/middleware/executor.rb:14:in `call'
actionpack (7.0.6) lib/action_dispatch/middleware/actionable_exceptions.rb:17:in `call'
actionpack (7.0.6) lib/action_dispatch/middleware/debug_exceptions.rb:28:in `call'
actionpack (7.0.6) lib/action_dispatch/middleware/show_exceptions.rb:29:in `call'
railties (7.0.6) lib/rails/rack/logger.rb:40:in `call_app'
railties (7.0.6) lib/rails/rack/logger.rb:25:in `block in call'
activesupport (7.0.6) lib/active_support/tagged_logging.rb:99:in `block in tagged'
activesupport (7.0.6) lib/active_support/tagged_logging.rb:37:in `tagged'
activesupport (7.0.6) lib/active_support/tagged_logging.rb:99:in `tagged'
railties (7.0.6) lib/rails/rack/logger.rb:25:in `call'
actionpack (7.0.6) lib/action_dispatch/middleware/remote_ip.rb:93:in `call'
actionpack (7.0.6) lib/action_dispatch/middleware/request_id.rb:26:in `call'
rack (2.2.7) lib/rack/runtime.rb:22:in `call'
activesupport (7.0.6) lib/active_support/cache/strategy/local_cache_middleware.rb:29:in `call'
actionpack (7.0.6) lib/action_dispatch/middleware/server_timing.rb:61:in `block in call'
actionpack (7.0.6) lib/action_dispatch/middleware/server_timing.rb:26:in `collect_events'
actionpack (7.0.6) lib/action_dispatch/middleware/server_timing.rb:60:in `call'
actionpack (7.0.6) lib/action_dispatch/middleware/executor.rb:14:in `call'
actionpack (7.0.6) lib/action_dispatch/middleware/static.rb:23:in `call'
rack (2.2.7) lib/rack/sendfile.rb:110:in `call'
actionpack (7.0.6) lib/action_dispatch/middleware/host_authorization.rb:137:in `call'
rack-cors (2.0.1) lib/rack/cors.rb:102:in `call'
railties (7.0.6) lib/rails/engine.rb:530:in `call'
puma (5.6.6) lib/puma/configuration.rb:252:in `call'
puma (5.6.6) lib/puma/request.rb:77:in `block in handle_request'
puma (5.6.6) lib/puma/thread_pool.rb:340:in `with_force_shutdown'
puma (5.6.6) lib/puma/request.rb:76:in `handle_request'
puma (5.6.6) lib/puma/server.rb:443:in `process_client'
puma (5.6.6) lib/puma/thread_pool.rb:147:in `block in spawn_thread'
Started POST "/api/v1/auth/sign_in" for ::1 at 2023-07-30 18:14:25 +0900
Processing by DeviseTokenAuth::SessionsController#create as HTML
  Parameters: {"email"=>"test@email.com", "password"=>"[FILTERED]", "session"=>{"email"=>"test@email.com", "password"=>"[FILTERED]"}}
[31mUnpermitted parameter: :session. Context: { controller: DeviseTokenAuth::SessionsController, action: create, request: #<ActionDispatch::Request:0x0000000113c434c0>, params: {"email"=>"test@email.com", "password"=>"[FILTERED]", "controller"=>"devise_token_auth/sessions", "action"=>"create", "session"=>{"email"=>"test@email.com", "password"=>"[FILTERED]"}} }[0m
[31mUnpermitted parameter: :session. Context: { controller: DeviseTokenAuth::SessionsController, action: create, request: #<ActionDispatch::Request:0x0000000113c434c0>, params: {"email"=>"test@email.com", "password"=>"[FILTERED]", "controller"=>"devise_token_auth/sessions", "action"=>"create", "session"=>{"email"=>"test@email.com", "password"=>"[FILTERED]"}} }[0m
  [1m[36mUser Load (2.7ms)[0m  [1m[34mSELECT `users`.* FROM `users` WHERE (BINARY `email` = 'test@email.com' AND provider= 'email') ORDER BY `users`.`id` ASC LIMIT 1[0m
[31mUnpermitted parameter: :session. Context: { controller: DeviseTokenAuth::SessionsController, action: create, request: #<ActionDispatch::Request:0x0000000113c434c0>, params: {"email"=>"test@email.com", "password"=>"[FILTERED]", "controller"=>"devise_token_auth/sessions", "action"=>"create", "session"=>{"email"=>"test@email.com", "password"=>"[FILTERED]"}} }[0m
[31mUnpermitted parameter: :session. Context: { controller: DeviseTokenAuth::SessionsController, action: create, request: #<ActionDispatch::Request:0x0000000113c434c0>, params: {"email"=>"test@email.com", "password"=>"[FILTERED]", "controller"=>"devise_token_auth/sessions", "action"=>"create", "session"=>{"email"=>"test@email.com", "password"=>"[FILTERED]"}} }[0m
  [1m[36mTRANSACTION (0.5ms)[0m  [1m[35mBEGIN[0m
  [1m[36mUser Load (2.7ms)[0m  [1m[37mSELECT `users`.* FROM `users` WHERE `users`.`id` = 2 LIMIT 1 FOR UPDATE[0m
  [1m[36mUser Update (2.6ms)[0m  [1m[33mUPDATE `users` SET `users`.`tokens` = '{\"rdC4z3I96I_mwPSF_V1qKg\":{\"token\":\"$2a$10$cq9OQx8.drztMnk0Y0CuwOEULfJaFG0/Hzt89cq9iiTi/NoaFtGPC\",\"expiry\":1691682271},\"VMgc_0yE3geEp1VjnDyT7w\":{\"token\":\"$2a$10$QDZbO27pWH57iQwsUY.j.uFM4BIIXxuAZnqdO9vwbOKDd6Rx3F9E.\",\"expiry\":1691683330},\"g4zh_aOk5GAI4frPr2M-Yw\":{\"token\":\"$2a$10$y6eaBLSnjOn6xIhAQevh0eX8UhEj3nxY2vNY81YPQB5GPr4Zi.Lj2\",\"expiry\":1691831650},\"SV44F3a2vqGTbvwCjthKFw\":{\"token\":\"$2a$10$vqGRHaRRyThjo4GrBeE3H.U9Y6I/HBflD4ieVpJJ343TH41pE.IkG\",\"expiry\":1691915036},\"yphJZKQVnUfsRzEwfDOyhQ\":{\"token\":\"$2a$10$0M2OU7dIYYda9aFC9Ttq7ejfSe3vIywIX2dEdi4.3ZnEkiy52Gtby\",\"expiry\":1691916715},\"EL6bZFPz1c7rWX7flGPdQw\":{\"token\":\"$2a$10$Wy9kBc1DXG8bw1MFqHU1f.BgNazb0Y/TVrbUUe10llgXQxOruj7vO\",\"expiry\":1691918066}}', `users`.`updated_at` = '2023-07-30 09:14:26.200247' WHERE `users`.`id` = 2[0m
  [1m[36mTRANSACTION (3.2ms)[0m  [1m[35mCOMMIT[0m
  [1m[36mUser Load (0.3ms)[0m  [1m[34mSELECT `users`.* FROM `users` WHERE `users`.`id` = 2 LIMIT 1[0m
Completed 200 OK in 296ms (Views: 0.2ms | ActiveRecord: 12.0ms | Allocations: 8124)


Started POST "/api/v1/chinchillas" for ::1 at 2023-07-30 18:14:39 +0900
Processing by Api::V1::ChinchillasController#create as HTML
  Parameters: {"chinchilla_name"=>"ãƒãƒ³ãƒãƒ§", "chinchilla_sex"=>"ã‚ªã‚¹", "chinchilla_birthday"=>"", "chinchilla_met_day"=>"", "chinchilla"=>{"chinchilla_name"=>"ãƒãƒ³ãƒãƒ§", "chinchilla_sex"=>"ã‚ªã‚¹", "chinchilla_birthday"=>"", "chinchilla_met_day"=>""}}
Completed 500 Internal Server Error in 19ms (ActiveRecord: 0.0ms | Allocations: 5999)


  
NoMethodError (undefined method `authenticate_user!' for #<Api::V1::ChinchillasController:0x0000000000b7c0>

              target.send(@method_name, &block)
                    ^^^^^
Did you mean?  authenticate_api_v1_user!):
  
activesupport (7.0.6) lib/active_support/callbacks.rb:400:in `block in make_lambda'
activesupport (7.0.6) lib/active_support/callbacks.rb:199:in `block (2 levels) in halting'
actionpack (7.0.6) lib/abstract_controller/callbacks.rb:34:in `block (2 levels) in <module:Callbacks>'
activesupport (7.0.6) lib/active_support/callbacks.rb:200:in `block in halting'
activesupport (7.0.6) lib/active_support/callbacks.rb:595:in `block in invoke_before'
activesupport (7.0.6) lib/active_support/callbacks.rb:595:in `each'
activesupport (7.0.6) lib/active_support/callbacks.rb:595:in `invoke_before'
activesupport (7.0.6) lib/active_support/callbacks.rb:116:in `block in run_callbacks'
actiontext (7.0.6) lib/action_text/rendering.rb:20:in `with_renderer'
actiontext (7.0.6) lib/action_text/engine.rb:69:in `block (4 levels) in <class:Engine>'
activesupport (7.0.6) lib/active_support/callbacks.rb:127:in `instance_exec'
activesupport (7.0.6) lib/active_support/callbacks.rb:127:in `block in run_callbacks'
activesupport (7.0.6) lib/active_support/callbacks.rb:138:in `run_callbacks'
actionpack (7.0.6) lib/abstract_controller/callbacks.rb:233:in `process_action'
actionpack (7.0.6) lib/action_controller/metal/rescue.rb:23:in `process_action'
actionpack (7.0.6) lib/action_controller/metal/instrumentation.rb:67:in `block in process_action'
activesupport (7.0.6) lib/active_support/notifications.rb:206:in `block in instrument'
activesupport (7.0.6) lib/active_support/notifications/instrumenter.rb:24:in `instrument'
activesupport (7.0.6) lib/active_support/notifications.rb:206:in `instrument'
actionpack (7.0.6) lib/action_controller/metal/instrumentation.rb:66:in `process_action'
actionpack (7.0.6) lib/action_controller/metal/params_wrapper.rb:259:in `process_action'
activerecord (7.0.6) lib/active_record/railties/controller_runtime.rb:27:in `process_action'
actionpack (7.0.6) lib/abstract_controller/base.rb:151:in `process'
actionview (7.0.6) lib/action_view/rendering.rb:39:in `process'
actionpack (7.0.6) lib/action_controller/metal.rb:188:in `dispatch'
actionpack (7.0.6) lib/action_controller/metal.rb:251:in `dispatch'
actionpack (7.0.6) lib/action_dispatch/routing/route_set.rb:49:in `dispatch'
actionpack (7.0.6) lib/action_dispatch/routing/route_set.rb:32:in `serve'
actionpack (7.0.6) lib/action_dispatch/journey/router.rb:50:in `block in serve'
actionpack (7.0.6) lib/action_dispatch/journey/router.rb:32:in `each'
actionpack (7.0.6) lib/action_dispatch/journey/router.rb:32:in `serve'
actionpack (7.0.6) lib/action_dispatch/routing/route_set.rb:852:in `call'
rack (2.2.7) lib/rack/session/abstract/id.rb:266:in `context'
rack (2.2.7) lib/rack/session/abstract/id.rb:260:in `call'
actionpack (7.0.6) lib/action_dispatch/middleware/cookies.rb:704:in `call'
warden (1.2.9) lib/warden/manager.rb:36:in `block in call'
warden (1.2.9) lib/warden/manager.rb:34:in `catch'
warden (1.2.9) lib/warden/manager.rb:34:in `call'
rack (2.2.7) lib/rack/etag.rb:27:in `call'
rack (2.2.7) lib/rack/conditional_get.rb:40:in `call'
rack (2.2.7) lib/rack/head.rb:12:in `call'
activerecord (7.0.6) lib/active_record/migration.rb:603:in `call'
actionpack (7.0.6) lib/action_dispatch/middleware/callbacks.rb:27:in `block in call'
activesupport (7.0.6) lib/active_support/callbacks.rb:99:in `run_callbacks'
actionpack (7.0.6) lib/action_dispatch/middleware/callbacks.rb:26:in `call'
actionpack (7.0.6) lib/action_dispatch/middleware/executor.rb:14:in `call'
actionpack (7.0.6) lib/action_dispatch/middleware/actionable_exceptions.rb:17:in `call'
actionpack (7.0.6) lib/action_dispatch/middleware/debug_exceptions.rb:28:in `call'
actionpack (7.0.6) lib/action_dispatch/middleware/show_exceptions.rb:29:in `call'
railties (7.0.6) lib/rails/rack/logger.rb:40:in `call_app'
railties (7.0.6) lib/rails/rack/logger.rb:25:in `block in call'
activesupport (7.0.6) lib/active_support/tagged_logging.rb:99:in `block in tagged'
activesupport (7.0.6) lib/active_support/tagged_logging.rb:37:in `tagged'
activesupport (7.0.6) lib/active_support/tagged_logging.rb:99:in `tagged'
railties (7.0.6) lib/rails/rack/logger.rb:25:in `call'
actionpack (7.0.6) lib/action_dispatch/middleware/remote_ip.rb:93:in `call'
actionpack (7.0.6) lib/action_dispatch/middleware/request_id.rb:26:in `call'
rack (2.2.7) lib/rack/runtime.rb:22:in `call'
activesupport (7.0.6) lib/active_support/cache/strategy/local_cache_middleware.rb:29:in `call'
actionpack (7.0.6) lib/action_dispatch/middleware/server_timing.rb:61:in `block in call'
actionpack (7.0.6) lib/action_dispatch/middleware/server_timing.rb:26:in `collect_events'
actionpack (7.0.6) lib/action_dispatch/middleware/server_timing.rb:60:in `call'
actionpack (7.0.6) lib/action_dispatch/middleware/executor.rb:14:in `call'
actionpack (7.0.6) lib/action_dispatch/middleware/static.rb:23:in `call'
rack (2.2.7) lib/rack/sendfile.rb:110:in `call'
actionpack (7.0.6) lib/action_dispatch/middleware/host_authorization.rb:137:in `call'
rack-cors (2.0.1) lib/rack/cors.rb:102:in `call'
railties (7.0.6) lib/rails/engine.rb:530:in `call'
puma (5.6.6) lib/puma/configuration.rb:252:in `call'
puma (5.6.6) lib/puma/request.rb:77:in `block in handle_request'
puma (5.6.6) lib/puma/thread_pool.rb:340:in `with_force_shutdown'
puma (5.6.6) lib/puma/request.rb:76:in `handle_request'
puma (5.6.6) lib/puma/server.rb:443:in `process_client'
puma (5.6.6) lib/puma/thread_pool.rb:147:in `block in spawn_thread'
Started GET "/" for ::1 at 2023-07-30 18:19:59 +0900
  [1m[36mActiveRecord::SchemaMigration Pluck (3.4ms)[0m  [1m[34mSELECT `schema_migrations`.`version` FROM `schema_migrations` ORDER BY `schema_migrations`.`version` ASC[0m
Processing by Rails::WelcomeController#index as HTML
  Rendering /Users/cyrano/.rbenv/versions/3.1.1/lib/ruby/gems/3.1.0/gems/railties-7.0.6/lib/rails/templates/rails/welcome/index.html.erb
  Rendered /Users/cyrano/.rbenv/versions/3.1.1/lib/ruby/gems/3.1.0/gems/railties-7.0.6/lib/rails/templates/rails/welcome/index.html.erb (Duration: 4.6ms | Allocations: 527)
Completed 200 OK in 78ms (Views: 14.6ms | ActiveRecord: 0.0ms | Allocations: 6232)


Started POST "/api/v1/auth/sign_in" for ::1 at 2023-07-30 18:20:24 +0900
Processing by DeviseTokenAuth::SessionsController#create as HTML
  Parameters: {"email"=>"test@email.com", "password"=>"[FILTERED]", "session"=>{"email"=>"test@email.com", "password"=>"[FILTERED]"}}
[31mUnpermitted parameter: :session. Context: { controller: DeviseTokenAuth::SessionsController, action: create, request: #<ActionDispatch::Request:0x0000000111cea1a0>, params: {"email"=>"test@email.com", "password"=>"[FILTERED]", "controller"=>"devise_token_auth/sessions", "action"=>"create", "session"=>{"email"=>"test@email.com", "password"=>"[FILTERED]"}} }[0m
[31mUnpermitted parameter: :session. Context: { controller: DeviseTokenAuth::SessionsController, action: create, request: #<ActionDispatch::Request:0x0000000111cea1a0>, params: {"email"=>"test@email.com", "password"=>"[FILTERED]", "controller"=>"devise_token_auth/sessions", "action"=>"create", "session"=>{"email"=>"test@email.com", "password"=>"[FILTERED]"}} }[0m
  [1m[36mUser Load (1.6ms)[0m  [1m[34mSELECT `users`.* FROM `users` WHERE (BINARY `email` = 'test@email.com' AND provider= 'email') ORDER BY `users`.`id` ASC LIMIT 1[0m
[31mUnpermitted parameter: :session. Context: { controller: DeviseTokenAuth::SessionsController, action: create, request: #<ActionDispatch::Request:0x0000000111cea1a0>, params: {"email"=>"test@email.com", "password"=>"[FILTERED]", "controller"=>"devise_token_auth/sessions", "action"=>"create", "session"=>{"email"=>"test@email.com", "password"=>"[FILTERED]"}} }[0m
[31mUnpermitted parameter: :session. Context: { controller: DeviseTokenAuth::SessionsController, action: create, request: #<ActionDispatch::Request:0x0000000111cea1a0>, params: {"email"=>"test@email.com", "password"=>"[FILTERED]", "controller"=>"devise_token_auth/sessions", "action"=>"create", "session"=>{"email"=>"test@email.com", "password"=>"[FILTERED]"}} }[0m
  [1m[36mTRANSACTION (0.2ms)[0m  [1m[35mBEGIN[0m
  [1m[36mUser Load (1.9ms)[0m  [1m[37mSELECT `users`.* FROM `users` WHERE `users`.`id` = 2 LIMIT 1 FOR UPDATE[0m
  [1m[36mUser Update (4.0ms)[0m  [1m[33mUPDATE `users` SET `users`.`tokens` = '{\"rdC4z3I96I_mwPSF_V1qKg\":{\"token\":\"$2a$10$cq9OQx8.drztMnk0Y0CuwOEULfJaFG0/Hzt89cq9iiTi/NoaFtGPC\",\"expiry\":1691682271},\"VMgc_0yE3geEp1VjnDyT7w\":{\"token\":\"$2a$10$QDZbO27pWH57iQwsUY.j.uFM4BIIXxuAZnqdO9vwbOKDd6Rx3F9E.\",\"expiry\":1691683330},\"g4zh_aOk5GAI4frPr2M-Yw\":{\"token\":\"$2a$10$y6eaBLSnjOn6xIhAQevh0eX8UhEj3nxY2vNY81YPQB5GPr4Zi.Lj2\",\"expiry\":1691831650},\"SV44F3a2vqGTbvwCjthKFw\":{\"token\":\"$2a$10$vqGRHaRRyThjo4GrBeE3H.U9Y6I/HBflD4ieVpJJ343TH41pE.IkG\",\"expiry\":1691915036},\"yphJZKQVnUfsRzEwfDOyhQ\":{\"token\":\"$2a$10$0M2OU7dIYYda9aFC9Ttq7ejfSe3vIywIX2dEdi4.3ZnEkiy52Gtby\",\"expiry\":1691916715},\"EL6bZFPz1c7rWX7flGPdQw\":{\"token\":\"$2a$10$Wy9kBc1DXG8bw1MFqHU1f.BgNazb0Y/TVrbUUe10llgXQxOruj7vO\",\"expiry\":1691918066},\"9JyH9UZCjME78cEu2Ba2OA\":{\"token\":\"$2a$10$qLZGEl9/V8ikr3uD1quNMOAleSv3Vui7VjsKfuKHMey9G7Ncfxsla\",\"expiry\":1691918424}}', `users`.`updated_at` = '2023-07-30 09:20:24.443548' WHERE `users`.`id` = 2[0m
  [1m[36mTRANSACTION (2.6ms)[0m  [1m[35mCOMMIT[0m
  [1m[36mUser Load (1.7ms)[0m  [1m[34mSELECT `users`.* FROM `users` WHERE `users`.`id` = 2 LIMIT 1[0m
Completed 200 OK in 336ms (Views: 0.2ms | ActiveRecord: 29.1ms | Allocations: 22442)


Started POST "/api/v1/chinchillas" for ::1 at 2023-07-30 18:20:57 +0900
Processing by Api::V1::ChinchillasController#create as HTML
  Parameters: {"chinchilla_name"=>"ãƒãƒ³ãƒãƒ§", "chinchilla_sex"=>"ã‚ªã‚¹", "chinchilla_birthday"=>"", "chinchilla_met_day"=>"", "chinchilla"=>{"chinchilla_name"=>"ãƒãƒ³ãƒãƒ§", "chinchilla_sex"=>"ã‚ªã‚¹", "chinchilla_birthday"=>"", "chinchilla_met_day"=>""}}
  [1m[36mUser Load (1.3ms)[0m  [1m[34mSELECT `users`.* FROM `users` WHERE `users`.`uid` = 'test@email.com' LIMIT 1[0m
Completed 400 Bad Request in 61ms (ActiveRecord: 5.6ms | Allocations: 1907)


  
ActionController::ParameterMissing (param is missing or the value is empty: calendar_event):
  
app/controllers/api/v1/chinchillas_controller.rb:42:in `chinchilla_params'
app/controllers/api/v1/chinchillas_controller.rb:14:in `create'
Started POST "/api/v1/chinchillas" for ::1 at 2023-07-30 18:22:44 +0900
  [1m[36mActiveRecord::SchemaMigration Pluck (0.3ms)[0m  [1m[34mSELECT `schema_migrations`.`version` FROM `schema_migrations` ORDER BY `schema_migrations`.`version` ASC[0m
Processing by Api::V1::ChinchillasController#create as HTML
  Parameters: {"chinchilla_name"=>"ãƒãƒ³ãƒãƒ§", "chinchilla_sex"=>"ã‚ªã‚¹", "chinchilla_birthday"=>"", "chinchilla_met_day"=>"", "chinchilla"=>{"chinchilla_name"=>"ãƒãƒ³ãƒãƒ§", "chinchilla_sex"=>"ã‚ªã‚¹", "chinchilla_birthday"=>"", "chinchilla_met_day"=>""}}
  [1m[36mUser Load (1.8ms)[0m  [1m[34mSELECT `users`.* FROM `users` WHERE `users`.`uid` = 'test@email.com' LIMIT 1[0m
Completed 500 Internal Server Error in 111ms (ActiveRecord: 17.3ms | Allocations: 22923)


  
NameError (undefined local variable or method `current_user' for #<Api::V1::ChinchillasController:0x0000000000afc8>

    chinchilla.user_id = current_user.id
                         ^^^^^^^^^^^^
Did you mean?  current_api_v1_user):
  
app/controllers/api/v1/chinchillas_controller.rb:15:in `create'
Started POST "/api/v1/chinchillas" for ::1 at 2023-07-30 18:24:35 +0900
  [1m[36mActiveRecord::SchemaMigration Pluck (1.1ms)[0m  [1m[34mSELECT `schema_migrations`.`version` FROM `schema_migrations` ORDER BY `schema_migrations`.`version` ASC[0m
Processing by Api::V1::ChinchillasController#create as HTML
  Parameters: {"chinchilla_name"=>"ãƒãƒ³ãƒãƒ§", "chinchilla_sex"=>"ã‚ªã‚¹", "chinchilla_birthday"=>"", "chinchilla_met_day"=>"", "chinchilla"=>{"chinchilla_name"=>"ãƒãƒ³ãƒãƒ§", "chinchilla_sex"=>"ã‚ªã‚¹", "chinchilla_birthday"=>"", "chinchilla_met_day"=>""}}
  [1m[36mUser Load (0.4ms)[0m  [1m[34mSELECT `users`.* FROM `users` WHERE `users`.`uid` = 'test@email.com' LIMIT 1[0m
  [1m[36mTRANSACTION (0.2ms)[0m  [1m[35mBEGIN[0m
  â†³ app/controllers/api/v1/chinchillas_controller.rb:17:in `create'
  [1m[36mUser Load (0.5ms)[0m  [1m[34mSELECT `users`.* FROM `users` WHERE `users`.`id` = 2 LIMIT 1[0m
  â†³ app/controllers/api/v1/chinchillas_controller.rb:17:in `create'
  [1m[36mChinchilla Create (4.7ms)[0m  [1m[32mINSERT INTO `chinchillas` (`chinchilla_name`, `chinchilla_sex`, `chinchilla_birthday`, `chinchilla_met_day`, `chinchilla_memo`, `chinchilla_image`, `user_id`, `created_at`, `updated_at`) VALUES ('ãƒãƒ³ãƒãƒ§', 'ã‚ªã‚¹', NULL, NULL, NULL, NULL, 2, '2023-07-30 09:24:35.555376', '2023-07-30 09:24:35.555376')[0m
  â†³ app/controllers/api/v1/chinchillas_controller.rb:17:in `create'
  [1m[36mTRANSACTION (1.5ms)[0m  [1m[35mCOMMIT[0m
  â†³ app/controllers/api/v1/chinchillas_controller.rb:17:in `create'
  [1m[36mUser Load (0.3ms)[0m  [1m[34mSELECT `users`.* FROM `users` WHERE `users`.`id` = 2 LIMIT 1[0m
Completed 201 Created in 125ms (Views: 0.6ms | ActiveRecord: 18.7ms | Allocations: 28226)


Started DELETE "/api/v1/auth/sign_out" for ::1 at 2023-07-30 18:29:16 +0900
Processing by DeviseTokenAuth::SessionsController#destroy as HTML
  [1m[36mUser Load (1.7ms)[0m  [1m[34mSELECT `users`.* FROM `users` WHERE `users`.`uid` = 'test@email.com' LIMIT 1[0m
  [1m[36mTRANSACTION (0.2ms)[0m  [1m[35mBEGIN[0m
  [1m[36mUser Update (4.6ms)[0m  [1m[33mUPDATE `users` SET `users`.`tokens` = '{\"rdC4z3I96I_mwPSF_V1qKg\":{\"token\":\"$2a$10$cq9OQx8.drztMnk0Y0CuwOEULfJaFG0/Hzt89cq9iiTi/NoaFtGPC\",\"expiry\":1691682271},\"VMgc_0yE3geEp1VjnDyT7w\":{\"token\":\"$2a$10$QDZbO27pWH57iQwsUY.j.uFM4BIIXxuAZnqdO9vwbOKDd6Rx3F9E.\",\"expiry\":1691683330},\"g4zh_aOk5GAI4frPr2M-Yw\":{\"token\":\"$2a$10$y6eaBLSnjOn6xIhAQevh0eX8UhEj3nxY2vNY81YPQB5GPr4Zi.Lj2\",\"expiry\":1691831650},\"SV44F3a2vqGTbvwCjthKFw\":{\"token\":\"$2a$10$vqGRHaRRyThjo4GrBeE3H.U9Y6I/HBflD4ieVpJJ343TH41pE.IkG\",\"expiry\":1691915036},\"yphJZKQVnUfsRzEwfDOyhQ\":{\"token\":\"$2a$10$0M2OU7dIYYda9aFC9Ttq7ejfSe3vIywIX2dEdi4.3ZnEkiy52Gtby\",\"expiry\":1691916715},\"EL6bZFPz1c7rWX7flGPdQw\":{\"token\":\"$2a$10$Wy9kBc1DXG8bw1MFqHU1f.BgNazb0Y/TVrbUUe10llgXQxOruj7vO\",\"expiry\":1691918066}}', `users`.`updated_at` = '2023-07-30 09:29:16.941937' WHERE `users`.`id` = 2[0m
  [1m[36mTRANSACTION (2.7ms)[0m  [1m[35mCOMMIT[0m
Completed 200 OK in 20ms (Views: 0.5ms | ActiveRecord: 9.2ms | Allocations: 5720)


Started POST "/api/v1/auth/sign_in" for ::1 at 2023-07-30 18:30:10 +0900
  [1m[36mActiveRecord::SchemaMigration Pluck (1.7ms)[0m  [1m[34mSELECT `schema_migrations`.`version` FROM `schema_migrations` ORDER BY `schema_migrations`.`version` ASC[0m
Processing by DeviseTokenAuth::SessionsController#create as HTML
  Parameters: {"email"=>"test@email.com", "password"=>"[FILTERED]", "session"=>{"email"=>"test@email.com", "password"=>"[FILTERED]"}}
[31mUnpermitted parameter: :session. Context: { controller: DeviseTokenAuth::SessionsController, action: create, request: #<ActionDispatch::Request:0x00000001095dc3e8>, params: {"email"=>"test@email.com", "password"=>"[FILTERED]", "controller"=>"devise_token_auth/sessions", "action"=>"create", "session"=>{"email"=>"test@email.com", "password"=>"[FILTERED]"}} }[0m
[31mUnpermitted parameter: :session. Context: { controller: DeviseTokenAuth::SessionsController, action: create, request: #<ActionDispatch::Request:0x00000001095dc3e8>, params: {"email"=>"test@email.com", "password"=>"[FILTERED]", "controller"=>"devise_token_auth/sessions", "action"=>"create", "session"=>{"email"=>"test@email.com", "password"=>"[FILTERED]"}} }[0m
  [1m[36mUser Load (2.8ms)[0m  [1m[34mSELECT `users`.* FROM `users` WHERE (BINARY `email` = 'test@email.com' AND provider= 'email') ORDER BY `users`.`id` ASC LIMIT 1[0m
[31mUnpermitted parameter: :session. Context: { controller: DeviseTokenAuth::SessionsController, action: create, request: #<ActionDispatch::Request:0x00000001095dc3e8>, params: {"email"=>"test@email.com", "password"=>"[FILTERED]", "controller"=>"devise_token_auth/sessions", "action"=>"create", "session"=>{"email"=>"test@email.com", "password"=>"[FILTERED]"}} }[0m
[31mUnpermitted parameter: :session. Context: { controller: DeviseTokenAuth::SessionsController, action: create, request: #<ActionDispatch::Request:0x00000001095dc3e8>, params: {"email"=>"test@email.com", "password"=>"[FILTERED]", "controller"=>"devise_token_auth/sessions", "action"=>"create", "session"=>{"email"=>"test@email.com", "password"=>"[FILTERED]"}} }[0m
  [1m[36mTRANSACTION (0.2ms)[0m  [1m[35mBEGIN[0m
  [1m[36mUser Load (0.4ms)[0m  [1m[37mSELECT `users`.* FROM `users` WHERE `users`.`id` = 2 LIMIT 1 FOR UPDATE[0m
  [1m[36mUser Update (1.7ms)[0m  [1m[33mUPDATE `users` SET `users`.`tokens` = '{\"rdC4z3I96I_mwPSF_V1qKg\":{\"token\":\"$2a$10$cq9OQx8.drztMnk0Y0CuwOEULfJaFG0/Hzt89cq9iiTi/NoaFtGPC\",\"expiry\":1691682271},\"VMgc_0yE3geEp1VjnDyT7w\":{\"token\":\"$2a$10$QDZbO27pWH57iQwsUY.j.uFM4BIIXxuAZnqdO9vwbOKDd6Rx3F9E.\",\"expiry\":1691683330},\"g4zh_aOk5GAI4frPr2M-Yw\":{\"token\":\"$2a$10$y6eaBLSnjOn6xIhAQevh0eX8UhEj3nxY2vNY81YPQB5GPr4Zi.Lj2\",\"expiry\":1691831650},\"SV44F3a2vqGTbvwCjthKFw\":{\"token\":\"$2a$10$vqGRHaRRyThjo4GrBeE3H.U9Y6I/HBflD4ieVpJJ343TH41pE.IkG\",\"expiry\":1691915036},\"yphJZKQVnUfsRzEwfDOyhQ\":{\"token\":\"$2a$10$0M2OU7dIYYda9aFC9Ttq7ejfSe3vIywIX2dEdi4.3ZnEkiy52Gtby\",\"expiry\":1691916715},\"EL6bZFPz1c7rWX7flGPdQw\":{\"token\":\"$2a$10$Wy9kBc1DXG8bw1MFqHU1f.BgNazb0Y/TVrbUUe10llgXQxOruj7vO\",\"expiry\":1691918066},\"NOhiUFh2SJAplh-voQrlMQ\":{\"token\":\"$2a$10$3V9YXQCKRf3DPF2/mNd4OOmKX5R854oralva4IgAad/ehlluRBXDC\",\"expiry\":1691919010}}', `users`.`updated_at` = '2023-07-30 09:30:10.935664' WHERE `users`.`id` = 2[0m
  [1m[36mTRANSACTION (3.4ms)[0m  [1m[35mCOMMIT[0m
  [1m[36mUser Load (0.3ms)[0m  [1m[34mSELECT `users`.* FROM `users` WHERE `users`.`id` = 2 LIMIT 1[0m
Completed 200 OK in 369ms (Views: 0.3ms | ActiveRecord: 37.8ms | Allocations: 23557)


Started POST "/api/v1/chinchillas" for ::1 at 2023-07-30 18:30:48 +0900
Processing by Api::V1::ChinchillasController#create as HTML
  Parameters: {"chinchilla_name"=>"å¤ªéƒŽ", "chinchilla_sex"=>"ã‚ªã‚¹", "chinchilla_birthday"=>"2023-01-01", "chinchilla_met_day"=>"2023-04-01", "chinchilla"=>{"chinchilla_name"=>"å¤ªéƒŽ", "chinchilla_sex"=>"ã‚ªã‚¹", "chinchilla_birthday"=>"2023-01-01", "chinchilla_met_day"=>"2023-04-01"}}
  [1m[36mUser Load (0.3ms)[0m  [1m[34mSELECT `users`.* FROM `users` WHERE `users`.`uid` = 'test@email.com' LIMIT 1[0m
  [1m[36mTRANSACTION (0.1ms)[0m  [1m[35mBEGIN[0m
  â†³ app/controllers/api/v1/chinchillas_controller.rb:17:in `create'
  [1m[36mUser Load (0.3ms)[0m  [1m[34mSELECT `users`.* FROM `users` WHERE `users`.`id` = 2 LIMIT 1[0m
  â†³ app/controllers/api/v1/chinchillas_controller.rb:17:in `create'
  [1m[36mChinchilla Create (2.5ms)[0m  [1m[32mINSERT INTO `chinchillas` (`chinchilla_name`, `chinchilla_sex`, `chinchilla_birthday`, `chinchilla_met_day`, `chinchilla_memo`, `chinchilla_image`, `user_id`, `created_at`, `updated_at`) VALUES ('å¤ªéƒŽ', 'ã‚ªã‚¹', '2023-01-01', '2023-04-01', NULL, NULL, 2, '2023-07-30 09:30:48.330061', '2023-07-30 09:30:48.330061')[0m
  â†³ app/controllers/api/v1/chinchillas_controller.rb:17:in `create'
  [1m[36mTRANSACTION (0.9ms)[0m  [1m[35mCOMMIT[0m
  â†³ app/controllers/api/v1/chinchillas_controller.rb:17:in `create'
  [1m[36mUser Load (0.8ms)[0m  [1m[34mSELECT `users`.* FROM `users` WHERE `users`.`id` = 2 LIMIT 1[0m
Completed 201 Created in 83ms (Views: 0.4ms | ActiveRecord: 7.1ms | Allocations: 13025)


